ARM GAS  C:\Users\lopezgui\AppData\Local\Temp\cck4r7QH.s 			page 1


   1              		.syntax unified
   2              		.cpu cortex-m3
   3              		.fpu softvfp
   4              		.eabi_attribute 20, 1
   5              		.eabi_attribute 21, 1
   6              		.eabi_attribute 23, 3
   7              		.eabi_attribute 24, 1
   8              		.eabi_attribute 25, 1
   9              		.eabi_attribute 26, 1
  10              		.eabi_attribute 30, 1
  11              		.eabi_attribute 34, 1
  12              		.eabi_attribute 18, 4
  13              		.thumb
  14              		.syntax unified
  15              		.file	"cymetadata.c"
  16              		.text
  17              	.Ltext0:
  18              		.cfi_sections	.debug_frame
  19              		.global	cy_metadata
  20              		.global	cy_meta_flashprotect
  21              		.global	cy_meta_wonvl
  22              		.global	cy_meta_custnvl
  23              		.global	cy_meta_configecc
  24              		.section	.cyconfigecc,"a",%progbits
  25              		.align	2
  26              		.type	cy_meta_configecc, %object
  27              		.size	cy_meta_configecc, 1168
  28              	cy_meta_configecc:
  29 0000 02       		.byte	2
  30 0001 52       		.byte	82
  31 0002 00       		.byte	0
  32 0003 40       		.byte	64
  33 0004 02       		.byte	2
  34 0005 5A       		.byte	90
  35 0006 00       		.byte	0
  36 0007 40       		.byte	64
  37 0008 03       		.byte	3
  38 0009 64       		.byte	100
  39 000a 00       		.byte	0
  40 000b 40       		.byte	64
  41 000c 57       		.byte	87
  42 000d 00       		.byte	0
  43 000e 01       		.byte	1
  44 000f 40       		.byte	64
  45 0010 37       		.byte	55
  46 0011 01       		.byte	1
  47 0012 01       		.byte	1
  48 0013 40       		.byte	64
  49 0014 15       		.byte	21
  50 0015 02       		.byte	2
  51 0016 01       		.byte	1
  52 0017 40       		.byte	64
  53 0018 4D       		.byte	77
  54 0019 03       		.byte	3
  55 001a 01       		.byte	1
  56 001b 40       		.byte	64
  57 001c 48       		.byte	72
ARM GAS  C:\Users\lopezgui\AppData\Local\Temp\cck4r7QH.s 			page 2


  58 001d 04       		.byte	4
  59 001e 01       		.byte	1
  60 001f 40       		.byte	64
  61 0020 45       		.byte	69
  62 0021 05       		.byte	5
  63 0022 01       		.byte	1
  64 0023 40       		.byte	64
  65 0024 02       		.byte	2
  66 0025 07       		.byte	7
  67 0026 01       		.byte	1
  68 0027 40       		.byte	64
  69 0028 01       		.byte	1
  70 0029 0F       		.byte	15
  71 002a 01       		.byte	1
  72 002b 40       		.byte	64
  73 002c 01       		.byte	1
  74 002d 15       		.byte	21
  75 002e 01       		.byte	1
  76 002f 40       		.byte	64
  77 0030 03       		.byte	3
  78 0031 17       		.byte	23
  79 0032 01       		.byte	1
  80 0033 40       		.byte	64
  81 0034 01       		.byte	1
  82 0035 19       		.byte	25
  83 0036 01       		.byte	1
  84 0037 40       		.byte	64
  85 0038 07       		.byte	7
  86 0039 40       		.byte	64
  87 003a 01       		.byte	1
  88 003b 40       		.byte	64
  89 003c 0B       		.byte	11
  90 003d 41       		.byte	65
  91 003e 01       		.byte	1
  92 003f 40       		.byte	64
  93 0040 07       		.byte	7
  94 0041 42       		.byte	66
  95 0042 01       		.byte	1
  96 0043 40       		.byte	64
  97 0044 02       		.byte	2
  98 0045 43       		.byte	67
  99 0046 01       		.byte	1
 100 0047 40       		.byte	64
 101 0048 03       		.byte	3
 102 0049 44       		.byte	68
 103 004a 01       		.byte	1
 104 004b 40       		.byte	64
 105 004c 02       		.byte	2
 106 004d 47       		.byte	71
 107 004e 01       		.byte	1
 108 004f 40       		.byte	64
 109 0050 06       		.byte	6
 110 0051 48       		.byte	72
 111 0052 01       		.byte	1
 112 0053 40       		.byte	64
 113 0054 02       		.byte	2
 114 0055 49       		.byte	73
ARM GAS  C:\Users\lopezgui\AppData\Local\Temp\cck4r7QH.s 			page 3


 115 0056 01       		.byte	1
 116 0057 40       		.byte	64
 117 0058 01       		.byte	1
 118 0059 4C       		.byte	76
 119 005a 01       		.byte	1
 120 005b 40       		.byte	64
 121 005c 06       		.byte	6
 122 005d 50       		.byte	80
 123 005e 01       		.byte	1
 124 005f 40       		.byte	64
 125 0060 01       		.byte	1
 126 0061 51       		.byte	81
 127 0062 01       		.byte	1
 128 0063 40       		.byte	64
 129 0064 00       		.byte	0
 130 0065 40       		.byte	64
 131 0066 04       		.byte	4
 132 0067 02       		.byte	2
 133 0068 87       		.byte	-121
 134 0069 01       		.byte	1
 135 006a 9F       		.byte	-97
 136 006b 01       		.byte	1
 137 006c 82       		.byte	-126
 138 006d 0F       		.byte	15
 139 006e 83       		.byte	-125
 140 006f 38       		.byte	56
 141 0070 85       		.byte	-123
 142 0071 72       		.byte	114
 143 0072 02       		.byte	2
 144 0073 05       		.byte	5
 145 0074 05       		.byte	5
 146 0075 1C       		.byte	28
 147 0076 07       		.byte	7
 148 0077 02       		.byte	2
 149 0078 08       		.byte	8
 150 0079 01       		.byte	1
 151 007a 0A       		.byte	10
 152 007b 04       		.byte	4
 153 007c 0D       		.byte	13
 154 007d 10       		.byte	16
 155 007e 11       		.byte	17
 156 007f 0C       		.byte	12
 157 0080 13       		.byte	19
 158 0081 11       		.byte	17
 159 0082 16       		.byte	22
 160 0083 08       		.byte	8
 161 0084 17       		.byte	23
 162 0085 03       		.byte	3
 163 0086 1D       		.byte	29
 164 0087 10       		.byte	16
 165 0088 1E       		.byte	30
 166 0089 08       		.byte	8
 167 008a 1F       		.byte	31
 168 008b 0C       		.byte	12
 169 008c 25       		.byte	37
 170 008d 14       		.byte	20
 171 008e 29       		.byte	41
ARM GAS  C:\Users\lopezgui\AppData\Local\Temp\cck4r7QH.s 			page 4


 172 008f 09       		.byte	9
 173 0090 2B       		.byte	43
 174 0091 10       		.byte	16
 175 0092 2E       		.byte	46
 176 0093 02       		.byte	2
 177 0094 30       		.byte	48
 178 0095 08       		.byte	8
 179 0096 32       		.byte	50
 180 0097 02       		.byte	2
 181 0098 33       		.byte	51
 182 0099 1F       		.byte	31
 183 009a 34       		.byte	52
 184 009b 01       		.byte	1
 185 009c 36       		.byte	54
 186 009d 04       		.byte	4
 187 009e 3E       		.byte	62
 188 009f 51       		.byte	81
 189 00a0 40       		.byte	64
 190 00a1 06       		.byte	6
 191 00a2 46       		.byte	70
 192 00a3 04       		.byte	4
 193 00a4 49       		.byte	73
 194 00a5 FF       		.byte	-1
 195 00a6 4A       		.byte	74
 196 00a7 07       		.byte	7
 197 00a8 4B       		.byte	75
 198 00a9 FF       		.byte	-1
 199 00aa 4C       		.byte	76
 200 00ab 40       		.byte	64
 201 00ac 4D       		.byte	77
 202 00ad 20       		.byte	32
 203 00ae 4E       		.byte	78
 204 00af F0       		.byte	-16
 205 00b0 4F       		.byte	79
 206 00b1 05       		.byte	5
 207 00b2 50       		.byte	80
 208 00b3 08       		.byte	8
 209 00b4 58       		.byte	88
 210 00b5 04       		.byte	4
 211 00b6 59       		.byte	89
 212 00b7 04       		.byte	4
 213 00b8 5A       		.byte	90
 214 00b9 04       		.byte	4
 215 00ba 5C       		.byte	92
 216 00bb 20       		.byte	32
 217 00bc 5D       		.byte	93
 218 00bd 02       		.byte	2
 219 00be 5F       		.byte	95
 220 00bf 01       		.byte	1
 221 00c0 60       		.byte	96
 222 00c1 40       		.byte	64
 223 00c2 61       		.byte	97
 224 00c3 A8       		.byte	-88
 225 00c4 62       		.byte	98
 226 00c5 40       		.byte	64
 227 00c6 63       		.byte	99
 228 00c7 20       		.byte	32
ARM GAS  C:\Users\lopezgui\AppData\Local\Temp\cck4r7QH.s 			page 5


 229 00c8 83       		.byte	-125
 230 00c9 18       		.byte	24
 231 00ca 84       		.byte	-124
 232 00cb 20       		.byte	32
 233 00cc 85       		.byte	-123
 234 00cd 01       		.byte	1
 235 00ce 87       		.byte	-121
 236 00cf 06       		.byte	6
 237 00d0 88       		.byte	-120
 238 00d1 0C       		.byte	12
 239 00d2 8A       		.byte	-118
 240 00d3 13       		.byte	19
 241 00d4 8B       		.byte	-117
 242 00d5 08       		.byte	8
 243 00d6 8C       		.byte	-116
 244 00d7 11       		.byte	17
 245 00d8 8D       		.byte	-115
 246 00d9 02       		.byte	2
 247 00da 8E       		.byte	-114
 248 00db 0E       		.byte	14
 249 00dc 8F       		.byte	-113
 250 00dd 01       		.byte	1
 251 00de 92       		.byte	-110
 252 00df 20       		.byte	32
 253 00e0 93       		.byte	-109
 254 00e1 28       		.byte	40
 255 00e2 95       		.byte	-107
 256 00e3 30       		.byte	48
 257 00e4 96       		.byte	-106
 258 00e5 13       		.byte	19
 259 00e6 97       		.byte	-105
 260 00e7 08       		.byte	8
 261 00e8 98       		.byte	-104
 262 00e9 20       		.byte	32
 263 00ea 9B       		.byte	-101
 264 00eb 30       		.byte	48
 265 00ec 9D       		.byte	-99
 266 00ed 04       		.byte	4
 267 00ee 9E       		.byte	-98
 268 00ef 20       		.byte	32
 269 00f0 9F       		.byte	-97
 270 00f1 01       		.byte	1
 271 00f2 A2       		.byte	-94
 272 00f3 08       		.byte	8
 273 00f4 A3       		.byte	-93
 274 00f5 10       		.byte	16
 275 00f6 A5       		.byte	-91
 276 00f7 47       		.byte	71
 277 00f8 A6       		.byte	-90
 278 00f9 10       		.byte	16
 279 00fa A9       		.byte	-87
 280 00fb 47       		.byte	71
 281 00fc AA       		.byte	-86
 282 00fd 0C       		.byte	12
 283 00fe AC       		.byte	-84
 284 00ff 11       		.byte	17
 285 0100 AD       		.byte	-83
ARM GAS  C:\Users\lopezgui\AppData\Local\Temp\cck4r7QH.s 			page 6


 286 0101 40       		.byte	64
 287 0102 AE       		.byte	-82
 288 0103 06       		.byte	6
 289 0104 B0       		.byte	-80
 290 0105 20       		.byte	32
 291 0106 B3       		.byte	-77
 292 0107 40       		.byte	64
 293 0108 B4       		.byte	-76
 294 0109 0F       		.byte	15
 295 010a B5       		.byte	-75
 296 010b 07       		.byte	7
 297 010c B6       		.byte	-74
 298 010d 10       		.byte	16
 299 010e B7       		.byte	-73
 300 010f 38       		.byte	56
 301 0110 B8       		.byte	-72
 302 0111 02       		.byte	2
 303 0112 BA       		.byte	-70
 304 0113 20       		.byte	32
 305 0114 BB       		.byte	-69
 306 0115 80       		.byte	-128
 307 0116 BE       		.byte	-66
 308 0117 40       		.byte	64
 309 0118 D8       		.byte	-40
 310 0119 04       		.byte	4
 311 011a D9       		.byte	-39
 312 011b 04       		.byte	4
 313 011c DC       		.byte	-36
 314 011d 22       		.byte	34
 315 011e DF       		.byte	-33
 316 011f 01       		.byte	1
 317 0120 00       		.byte	0
 318 0121 10       		.byte	16
 319 0122 01       		.byte	1
 320 0123 01       		.byte	1
 321 0124 06       		.byte	6
 322 0125 2A       		.byte	42
 323 0126 07       		.byte	7
 324 0127 01       		.byte	1
 325 0128 09       		.byte	9
 326 0129 40       		.byte	64
 327 012a 0A       		.byte	10
 328 012b 20       		.byte	32
 329 012c 0B       		.byte	11
 330 012d C0       		.byte	-64
 331 012e 0C       		.byte	12
 332 012f 09       		.byte	9
 333 0130 0E       		.byte	14
 334 0131 05       		.byte	5
 335 0132 0F       		.byte	15
 336 0133 10       		.byte	16
 337 0134 10       		.byte	16
 338 0135 02       		.byte	2
 339 0136 14       		.byte	20
 340 0137 28       		.byte	40
 341 0138 15       		.byte	21
 342 0139 24       		.byte	36
ARM GAS  C:\Users\lopezgui\AppData\Local\Temp\cck4r7QH.s 			page 7


 343 013a 16       		.byte	22
 344 013b 40       		.byte	64
 345 013c 17       		.byte	23
 346 013d 50       		.byte	80
 347 013e 18       		.byte	24
 348 013f 10       		.byte	16
 349 0140 19       		.byte	25
 350 0141 20       		.byte	32
 351 0142 1A       		.byte	26
 352 0143 02       		.byte	2
 353 0144 1B       		.byte	27
 354 0145 01       		.byte	1
 355 0146 1D       		.byte	29
 356 0147 20       		.byte	32
 357 0148 1E       		.byte	30
 358 0149 08       		.byte	8
 359 014a 1F       		.byte	31
 360 014b 41       		.byte	65
 361 014c 20       		.byte	32
 362 014d 20       		.byte	32
 363 014e 21       		.byte	33
 364 014f 08       		.byte	8
 365 0150 24       		.byte	36
 366 0151 04       		.byte	4
 367 0152 26       		.byte	38
 368 0153 88       		.byte	-120
 369 0154 27       		.byte	39
 370 0155 05       		.byte	5
 371 0156 28       		.byte	40
 372 0157 08       		.byte	8
 373 0158 2B       		.byte	43
 374 0159 10       		.byte	16
 375 015a 2C       		.byte	44
 376 015b A0       		.byte	-96
 377 015c 2D       		.byte	45
 378 015d 10       		.byte	16
 379 015e 2F       		.byte	47
 380 015f 02       		.byte	2
 381 0160 31       		.byte	49
 382 0161 08       		.byte	8
 383 0162 33       		.byte	51
 384 0163 41       		.byte	65
 385 0164 36       		.byte	54
 386 0165 46       		.byte	70
 387 0166 37       		.byte	55
 388 0167 10       		.byte	16
 389 0168 3A       		.byte	58
 390 0169 48       		.byte	72
 391 016a 3C       		.byte	60
 392 016b 04       		.byte	4
 393 016c 3E       		.byte	62
 394 016d 42       		.byte	66
 395 016e 3F       		.byte	63
 396 016f 10       		.byte	16
 397 0170 41       		.byte	65
 398 0171 20       		.byte	32
 399 0172 42       		.byte	66
ARM GAS  C:\Users\lopezgui\AppData\Local\Temp\cck4r7QH.s 			page 8


 400 0173 08       		.byte	8
 401 0174 49       		.byte	73
 402 0175 10       		.byte	16
 403 0176 50       		.byte	80
 404 0177 88       		.byte	-120
 405 0178 52       		.byte	82
 406 0179 40       		.byte	64
 407 017a 86       		.byte	-122
 408 017b 04       		.byte	4
 409 017c 87       		.byte	-121
 410 017d 04       		.byte	4
 411 017e C0       		.byte	-64
 412 017f EA       		.byte	-22
 413 0180 C2       		.byte	-62
 414 0181 F5       		.byte	-11
 415 0182 C4       		.byte	-60
 416 0183 F1       		.byte	-15
 417 0184 CA       		.byte	-54
 418 0185 F6       		.byte	-10
 419 0186 CC       		.byte	-52
 420 0187 FB       		.byte	-5
 421 0188 CE       		.byte	-50
 422 0189 FA       		.byte	-6
 423 018a D2       		.byte	-46
 424 018b 04       		.byte	4
 425 018c E0       		.byte	-32
 426 018d 02       		.byte	2
 427 018e 87       		.byte	-121
 428 018f 0C       		.byte	12
 429 0190 8A       		.byte	-118
 430 0191 01       		.byte	1
 431 0192 91       		.byte	-111
 432 0193 01       		.byte	1
 433 0194 95       		.byte	-107
 434 0195 02       		.byte	2
 435 0196 9B       		.byte	-101
 436 0197 01       		.byte	1
 437 0198 9D       		.byte	-99
 438 0199 01       		.byte	1
 439 019a A1       		.byte	-95
 440 019b 04       		.byte	4
 441 019c A3       		.byte	-93
 442 019d 08       		.byte	8
 443 019e B0       		.byte	-80
 444 019f 01       		.byte	1
 445 01a0 B1       		.byte	-79
 446 01a1 04       		.byte	4
 447 01a2 B3       		.byte	-77
 448 01a3 08       		.byte	8
 449 01a4 B5       		.byte	-75
 450 01a5 03       		.byte	3
 451 01a6 B9       		.byte	-71
 452 01a7 20       		.byte	32
 453 01a8 BF       		.byte	-65
 454 01a9 05       		.byte	5
 455 01aa D4       		.byte	-44
 456 01ab 18       		.byte	24
ARM GAS  C:\Users\lopezgui\AppData\Local\Temp\cck4r7QH.s 			page 9


 457 01ac D8       		.byte	-40
 458 01ad 04       		.byte	4
 459 01ae D9       		.byte	-39
 460 01af 04       		.byte	4
 461 01b0 DB       		.byte	-37
 462 01b1 04       		.byte	4
 463 01b2 DC       		.byte	-36
 464 01b3 21       		.byte	33
 465 01b4 DD       		.byte	-35
 466 01b5 20       		.byte	32
 467 01b6 DF       		.byte	-33
 468 01b7 01       		.byte	1
 469 01b8 01       		.byte	1
 470 01b9 20       		.byte	32
 471 01ba 06       		.byte	6
 472 01bb 04       		.byte	4
 473 01bc 07       		.byte	7
 474 01bd 10       		.byte	16
 475 01be 0C       		.byte	12
 476 01bf 20       		.byte	32
 477 01c0 0D       		.byte	13
 478 01c1 09       		.byte	9
 479 01c2 0E       		.byte	14
 480 01c3 81       		.byte	-127
 481 01c4 14       		.byte	20
 482 01c5 01       		.byte	1
 483 01c6 15       		.byte	21
 484 01c7 10       		.byte	16
 485 01c8 16       		.byte	22
 486 01c9 40       		.byte	64
 487 01ca 17       		.byte	23
 488 01cb 04       		.byte	4
 489 01cc 19       		.byte	25
 490 01cd 01       		.byte	1
 491 01ce 1D       		.byte	29
 492 01cf 80       		.byte	-128
 493 01d0 1E       		.byte	30
 494 01d1 90       		.byte	-112
 495 01d2 1F       		.byte	31
 496 01d3 10       		.byte	16
 497 01d4 21       		.byte	33
 498 01d5 12       		.byte	18
 499 01d6 22       		.byte	34
 500 01d7 04       		.byte	4
 501 01d8 23       		.byte	35
 502 01d9 08       		.byte	8
 503 01da 26       		.byte	38
 504 01db 22       		.byte	34
 505 01dc 27       		.byte	39
 506 01dd 40       		.byte	64
 507 01de 29       		.byte	41
 508 01df 01       		.byte	1
 509 01e0 2C       		.byte	44
 510 01e1 08       		.byte	8
 511 01e2 2E       		.byte	46
 512 01e3 08       		.byte	8
 513 01e4 2F       		.byte	47
ARM GAS  C:\Users\lopezgui\AppData\Local\Temp\cck4r7QH.s 			page 10


 514 01e5 01       		.byte	1
 515 01e6 30       		.byte	48
 516 01e7 08       		.byte	8
 517 01e8 31       		.byte	49
 518 01e9 20       		.byte	32
 519 01ea 33       		.byte	51
 520 01eb 41       		.byte	65
 521 01ec 37       		.byte	55
 522 01ed 49       		.byte	73
 523 01ee 39       		.byte	57
 524 01ef 08       		.byte	8
 525 01f0 3B       		.byte	59
 526 01f1 04       		.byte	4
 527 01f2 3D       		.byte	61
 528 01f3 04       		.byte	4
 529 01f4 3E       		.byte	62
 530 01f5 02       		.byte	2
 531 01f6 44       		.byte	68
 532 01f7 08       		.byte	8
 533 01f8 45       		.byte	69
 534 01f9 88       		.byte	-120
 535 01fa 46       		.byte	70
 536 01fb 24       		.byte	36
 537 01fc 4C       		.byte	76
 538 01fd 01       		.byte	1
 539 01fe 4E       		.byte	78
 540 01ff 18       		.byte	24
 541 0200 56       		.byte	86
 542 0201 02       		.byte	2
 543 0202 5B       		.byte	91
 544 0203 02       		.byte	2
 545 0204 5C       		.byte	92
 546 0205 24       		.byte	36
 547 0206 5D       		.byte	93
 548 0207 02       		.byte	2
 549 0208 5F       		.byte	95
 550 0209 40       		.byte	64
 551 020a 62       		.byte	98
 552 020b 20       		.byte	32
 553 020c 63       		.byte	99
 554 020d 02       		.byte	2
 555 020e 81       		.byte	-127
 556 020f 02       		.byte	2
 557 0210 87       		.byte	-121
 558 0211 12       		.byte	18
 559 0212 93       		.byte	-109
 560 0213 42       		.byte	66
 561 0214 95       		.byte	-107
 562 0215 35       		.byte	53
 563 0216 96       		.byte	-106
 564 0217 6D       		.byte	109
 565 0218 97       		.byte	-105
 566 0219 04       		.byte	4
 567 021a 98       		.byte	-104
 568 021b 20       		.byte	32
 569 021c 9A       		.byte	-102
 570 021d 08       		.byte	8
ARM GAS  C:\Users\lopezgui\AppData\Local\Temp\cck4r7QH.s 			page 11


 571 021e 9B       		.byte	-101
 572 021f 05       		.byte	5
 573 0220 9C       		.byte	-100
 574 0221 01       		.byte	1
 575 0222 9D       		.byte	-99
 576 0223 10       		.byte	16
 577 0224 9E       		.byte	-98
 578 0225 20       		.byte	32
 579 0226 9F       		.byte	-97
 580 0227 40       		.byte	64
 581 0228 A0       		.byte	-96
 582 0229 18       		.byte	24
 583 022a A1       		.byte	-95
 584 022b 20       		.byte	32
 585 022c A2       		.byte	-94
 586 022d 88       		.byte	-120
 587 022e A3       		.byte	-93
 588 022f 01       		.byte	1
 589 0230 A4       		.byte	-92
 590 0231 22       		.byte	34
 591 0232 A5       		.byte	-91
 592 0233 40       		.byte	64
 593 0234 A6       		.byte	-90
 594 0235 42       		.byte	66
 595 0236 A7       		.byte	-89
 596 0237 12       		.byte	18
 597 0238 A9       		.byte	-87
 598 0239 20       		.byte	32
 599 023a B2       		.byte	-78
 600 023b 01       		.byte	1
 601 023c C0       		.byte	-64
 602 023d 62       		.byte	98
 603 023e C2       		.byte	-62
 604 023f F0       		.byte	-16
 605 0240 C4       		.byte	-60
 606 0241 F0       		.byte	-16
 607 0242 CA       		.byte	-54
 608 0243 71       		.byte	113
 609 0244 CC       		.byte	-52
 610 0245 DF       		.byte	-33
 611 0246 CE       		.byte	-50
 612 0247 C2       		.byte	-62
 613 0248 D0       		.byte	-48
 614 0249 70       		.byte	112
 615 024a D2       		.byte	-46
 616 024b 30       		.byte	48
 617 024c D6       		.byte	-42
 618 024d F1       		.byte	-15
 619 024e D8       		.byte	-40
 620 024f 0C       		.byte	12
 621 0250 EA       		.byte	-22
 622 0251 20       		.byte	32
 623 0252 08       		.byte	8
 624 0253 04       		.byte	4
 625 0254 18       		.byte	24
 626 0255 02       		.byte	2
 627 0256 20       		.byte	32
ARM GAS  C:\Users\lopezgui\AppData\Local\Temp\cck4r7QH.s 			page 12


 628 0257 03       		.byte	3
 629 0258 2A       		.byte	42
 630 0259 01       		.byte	1
 631 025a 2C       		.byte	44
 632 025b 03       		.byte	3
 633 025c 32       		.byte	50
 634 025d 04       		.byte	4
 635 025e 34       		.byte	52
 636 025f 03       		.byte	3
 637 0260 38       		.byte	56
 638 0261 20       		.byte	32
 639 0262 3E       		.byte	62
 640 0263 14       		.byte	20
 641 0264 58       		.byte	88
 642 0265 04       		.byte	4
 643 0266 5F       		.byte	95
 644 0267 01       		.byte	1
 645 0268 81       		.byte	-127
 646 0269 40       		.byte	64
 647 026a 82       		.byte	-126
 648 026b 23       		.byte	35
 649 026c 84       		.byte	-124
 650 026d 0C       		.byte	12
 651 026e 85       		.byte	-123
 652 026f 08       		.byte	8
 653 0270 88       		.byte	-120
 654 0271 04       		.byte	4
 655 0272 8B       		.byte	-117
 656 0273 04       		.byte	4
 657 0274 8C       		.byte	-116
 658 0275 08       		.byte	8
 659 0276 8D       		.byte	-115
 660 0277 04       		.byte	4
 661 0278 90       		.byte	-112
 662 0279 1C       		.byte	28
 663 027a 91       		.byte	-111
 664 027b 10       		.byte	16
 665 027c 92       		.byte	-110
 666 027d 23       		.byte	35
 667 027e 94       		.byte	-108
 668 027f 3F       		.byte	63
 669 0280 98       		.byte	-104
 670 0281 33       		.byte	51
 671 0282 99       		.byte	-103
 672 0283 18       		.byte	24
 673 0284 9A       		.byte	-102
 674 0285 0C       		.byte	12
 675 0286 9C       		.byte	-100
 676 0287 1F       		.byte	31
 677 0288 9D       		.byte	-99
 678 0289 3C       		.byte	60
 679 028a 9E       		.byte	-98
 680 028b 20       		.byte	32
 681 028c 9F       		.byte	-97
 682 028d 02       		.byte	2
 683 028e A0       		.byte	-96
 684 028f 02       		.byte	2
ARM GAS  C:\Users\lopezgui\AppData\Local\Temp\cck4r7QH.s 			page 13


 685 0290 A1       		.byte	-95
 686 0291 1C       		.byte	28
 687 0292 A3       		.byte	-93
 688 0293 21       		.byte	33
 689 0294 A4       		.byte	-92
 690 0295 03       		.byte	3
 691 0296 A5       		.byte	-91
 692 0297 27       		.byte	39
 693 0298 A7       		.byte	-89
 694 0299 18       		.byte	24
 695 029a A8       		.byte	-88
 696 029b 01       		.byte	1
 697 029c A9       		.byte	-87
 698 029d 3F       		.byte	63
 699 029e AF       		.byte	-81
 700 029f 23       		.byte	35
 701 02a0 B0       		.byte	-80
 702 02a1 10       		.byte	16
 703 02a2 B1       		.byte	-79
 704 02a3 1F       		.byte	31
 705 02a4 B4       		.byte	-76
 706 02a5 0F       		.byte	15
 707 02a6 B5       		.byte	-75
 708 02a7 40       		.byte	64
 709 02a8 B6       		.byte	-74
 710 02a9 2C       		.byte	44
 711 02aa B7       		.byte	-73
 712 02ab 38       		.byte	56
 713 02ac BA       		.byte	-70
 714 02ad A8       		.byte	-88
 715 02ae BB       		.byte	-69
 716 02af 02       		.byte	2
 717 02b0 BE       		.byte	-66
 718 02b1 01       		.byte	1
 719 02b2 BF       		.byte	-65
 720 02b3 10       		.byte	16
 721 02b4 C0       		.byte	-64
 722 02b5 56       		.byte	86
 723 02b6 C1       		.byte	-63
 724 02b7 04       		.byte	4
 725 02b8 C5       		.byte	-59
 726 02b9 EC       		.byte	-20
 727 02ba C6       		.byte	-58
 728 02bb B0       		.byte	-80
 729 02bc C8       		.byte	-56
 730 02bd 0B       		.byte	11
 731 02be C9       		.byte	-55
 732 02bf FF       		.byte	-1
 733 02c0 CA       		.byte	-54
 734 02c1 FF       		.byte	-1
 735 02c2 CB       		.byte	-53
 736 02c3 FF       		.byte	-1
 737 02c4 CE       		.byte	-50
 738 02c5 F0       		.byte	-16
 739 02c6 CF       		.byte	-49
 740 02c7 44       		.byte	68
 741 02c8 D0       		.byte	-48
ARM GAS  C:\Users\lopezgui\AppData\Local\Temp\cck4r7QH.s 			page 14


 742 02c9 0C       		.byte	12
 743 02ca D6       		.byte	-42
 744 02cb 02       		.byte	2
 745 02cc D7       		.byte	-41
 746 02cd 10       		.byte	16
 747 02ce D8       		.byte	-40
 748 02cf 04       		.byte	4
 749 02d0 D9       		.byte	-39
 750 02d1 04       		.byte	4
 751 02d2 DA       		.byte	-38
 752 02d3 04       		.byte	4
 753 02d4 DB       		.byte	-37
 754 02d5 04       		.byte	4
 755 02d6 DC       		.byte	-36
 756 02d7 22       		.byte	34
 757 02d8 DD       		.byte	-35
 758 02d9 22       		.byte	34
 759 02da DF       		.byte	-33
 760 02db 01       		.byte	1
 761 02dc E6       		.byte	-26
 762 02dd C0       		.byte	-64
 763 02de EA       		.byte	-22
 764 02df 40       		.byte	64
 765 02e0 EB       		.byte	-21
 766 02e1 02       		.byte	2
 767 02e2 00       		.byte	0
 768 02e3 20       		.byte	32
 769 02e4 06       		.byte	6
 770 02e5 C4       		.byte	-60
 771 02e6 07       		.byte	7
 772 02e7 22       		.byte	34
 773 02e8 09       		.byte	9
 774 02e9 20       		.byte	32
 775 02ea 0C       		.byte	12
 776 02eb 01       		.byte	1
 777 02ec 0D       		.byte	13
 778 02ed 02       		.byte	2
 779 02ee 0E       		.byte	14
 780 02ef 25       		.byte	37
 781 02f0 10       		.byte	16
 782 02f1 08       		.byte	8
 783 02f2 11       		.byte	17
 784 02f3 02       		.byte	2
 785 02f4 12       		.byte	18
 786 02f5 82       		.byte	-126
 787 02f6 15       		.byte	21
 788 02f7 02       		.byte	2
 789 02f8 17       		.byte	23
 790 02f9 14       		.byte	20
 791 02fa 19       		.byte	25
 792 02fb 18       		.byte	24
 793 02fc 1C       		.byte	28
 794 02fd 40       		.byte	64
 795 02fe 1D       		.byte	29
 796 02ff 08       		.byte	8
 797 0300 1E       		.byte	30
 798 0301 25       		.byte	37
ARM GAS  C:\Users\lopezgui\AppData\Local\Temp\cck4r7QH.s 			page 15


 799 0302 1F       		.byte	31
 800 0303 04       		.byte	4
 801 0304 24       		.byte	36
 802 0305 06       		.byte	6
 803 0306 25       		.byte	37
 804 0307 42       		.byte	66
 805 0308 27       		.byte	39
 806 0309 40       		.byte	64
 807 030a 2E       		.byte	46
 808 030b 85       		.byte	-123
 809 030c 2F       		.byte	47
 810 030d 04       		.byte	4
 811 030e 37       		.byte	55
 812 030f 62       		.byte	98
 813 0310 3E       		.byte	62
 814 0311 58       		.byte	88
 815 0312 3F       		.byte	63
 816 0313 02       		.byte	2
 817 0314 45       		.byte	69
 818 0315 01       		.byte	1
 819 0316 4C       		.byte	76
 820 0317 08       		.byte	8
 821 0318 4D       		.byte	77
 822 0319 06       		.byte	6
 823 031a 4E       		.byte	78
 824 031b 02       		.byte	2
 825 031c 4F       		.byte	79
 826 031d 02       		.byte	2
 827 031e 57       		.byte	87
 828 031f 10       		.byte	16
 829 0320 5C       		.byte	92
 830 0321 48       		.byte	72
 831 0322 5E       		.byte	94
 832 0323 04       		.byte	4
 833 0324 6C       		.byte	108
 834 0325 20       		.byte	32
 835 0326 6D       		.byte	109
 836 0327 10       		.byte	16
 837 0328 6F       		.byte	111
 838 0329 02       		.byte	2
 839 032a 76       		.byte	118
 840 032b 0C       		.byte	12
 841 032c 77       		.byte	119
 842 032d 22       		.byte	34
 843 032e 8D       		.byte	-115
 844 032f 08       		.byte	8
 845 0330 91       		.byte	-111
 846 0331 02       		.byte	2
 847 0332 92       		.byte	-110
 848 0333 50       		.byte	80
 849 0334 94       		.byte	-108
 850 0335 06       		.byte	6
 851 0336 95       		.byte	-107
 852 0337 1D       		.byte	29
 853 0338 96       		.byte	-106
 854 0339 05       		.byte	5
 855 033a 9A       		.byte	-102
ARM GAS  C:\Users\lopezgui\AppData\Local\Temp\cck4r7QH.s 			page 16


 856 033b 40       		.byte	64
 857 033c 9B       		.byte	-101
 858 033d 14       		.byte	20
 859 033e 9C       		.byte	-100
 860 033f 09       		.byte	9
 861 0340 9D       		.byte	-99
 862 0341 32       		.byte	50
 863 0342 A0       		.byte	-96
 864 0343 18       		.byte	24
 865 0344 A1       		.byte	-95
 866 0345 20       		.byte	32
 867 0346 A2       		.byte	-94
 868 0347 82       		.byte	-126
 869 0348 A4       		.byte	-92
 870 0349 20       		.byte	32
 871 034a A5       		.byte	-91
 872 034b 48       		.byte	72
 873 034c A7       		.byte	-89
 874 034d 12       		.byte	18
 875 034e AA       		.byte	-86
 876 034f 40       		.byte	64
 877 0350 AB       		.byte	-85
 878 0351 10       		.byte	16
 879 0352 AE       		.byte	-82
 880 0353 48       		.byte	72
 881 0354 B0       		.byte	-80
 882 0355 02       		.byte	2
 883 0356 C0       		.byte	-64
 884 0357 F2       		.byte	-14
 885 0358 C2       		.byte	-62
 886 0359 F2       		.byte	-14
 887 035a C4       		.byte	-60
 888 035b 7B       		.byte	123
 889 035c CA       		.byte	-54
 890 035d F0       		.byte	-16
 891 035e CC       		.byte	-52
 892 035f B0       		.byte	-80
 893 0360 CE       		.byte	-50
 894 0361 F0       		.byte	-16
 895 0362 D0       		.byte	-48
 896 0363 80       		.byte	-128
 897 0364 D2       		.byte	-46
 898 0365 30       		.byte	48
 899 0366 D6       		.byte	-42
 900 0367 10       		.byte	16
 901 0368 E2       		.byte	-30
 902 0369 40       		.byte	64
 903 036a EC       		.byte	-20
 904 036b 80       		.byte	-128
 905 036c 95       		.byte	-107
 906 036d 09       		.byte	9
 907 036e A9       		.byte	-87
 908 036f 20       		.byte	32
 909 0370 E0       		.byte	-32
 910 0371 02       		.byte	2
 911 0372 AD       		.byte	-83
 912 0373 04       		.byte	4
ARM GAS  C:\Users\lopezgui\AppData\Local\Temp\cck4r7QH.s 			page 17


 913 0374 95       		.byte	-107
 914 0375 08       		.byte	8
 915 0376 AD       		.byte	-83
 916 0377 01       		.byte	1
 917 0378 E8       		.byte	-24
 918 0379 08       		.byte	8
 919 037a E8       		.byte	-24
 920 037b 08       		.byte	8
 921 037c 3A       		.byte	58
 922 037d 08       		.byte	8
 923 037e 3C       		.byte	60
 924 037f 11       		.byte	17
 925 0380 43       		.byte	67
 926 0381 80       		.byte	-128
 927 0382 87       		.byte	-121
 928 0383 80       		.byte	-128
 929 0384 CE       		.byte	-50
 930 0385 E0       		.byte	-32
 931 0386 D0       		.byte	-48
 932 0387 10       		.byte	16
 933 0388 E6       		.byte	-26
 934 0389 10       		.byte	16
 935 038a 02       		.byte	2
 936 038b 08       		.byte	8
 937 038c 06       		.byte	6
 938 038d 20       		.byte	32
 939 038e 5D       		.byte	93
 940 038f 02       		.byte	2
 941 0390 80       		.byte	-128
 942 0391 01       		.byte	1
 943 0392 94       		.byte	-108
 944 0393 01       		.byte	1
 945 0394 A8       		.byte	-88
 946 0395 10       		.byte	16
 947 0396 B2       		.byte	-78
 948 0397 08       		.byte	8
 949 0398 C0       		.byte	-64
 950 0399 60       		.byte	96
 951 039a D6       		.byte	-42
 952 039b 80       		.byte	-128
 953 039c E2       		.byte	-30
 954 039d 80       		.byte	-128
 955 039e EE       		.byte	-18
 956 039f 80       		.byte	-128
 957 03a0 07       		.byte	7
 958 03a1 40       		.byte	64
 959 03a2 8D       		.byte	-115
 960 03a3 02       		.byte	2
 961 03a4 9D       		.byte	-99
 962 03a5 02       		.byte	2
 963 03a6 AA       		.byte	-86
 964 03a7 20       		.byte	32
 965 03a8 B2       		.byte	-78
 966 03a9 08       		.byte	8
 967 03aa C0       		.byte	-64
 968 03ab 20       		.byte	32
 969 03ac E8       		.byte	-24
ARM GAS  C:\Users\lopezgui\AppData\Local\Temp\cck4r7QH.s 			page 18


 970 03ad 20       		.byte	32
 971 03ae AB       		.byte	-85
 972 03af 40       		.byte	64
 973 03b0 EC       		.byte	-20
 974 03b1 80       		.byte	-128
 975 03b2 30       		.byte	48
 976 03b3 20       		.byte	32
 977 03b4 84       		.byte	-124
 978 03b5 20       		.byte	32
 979 03b6 CC       		.byte	-52
 980 03b7 08       		.byte	8
 981 03b8 30       		.byte	48
 982 03b9 80       		.byte	-128
 983 03ba CC       		.byte	-52
 984 03bb 08       		.byte	8
 985 03bc 23       		.byte	35
 986 03bd 10       		.byte	16
 987 03be 27       		.byte	39
 988 03bf 08       		.byte	8
 989 03c0 9F       		.byte	-97
 990 03c1 08       		.byte	8
 991 03c2 AF       		.byte	-81
 992 03c3 08       		.byte	8
 993 03c4 C8       		.byte	-56
 994 03c5 60       		.byte	96
 995 03c6 E8       		.byte	-24
 996 03c7 10       		.byte	16
 997 03c8 AF       		.byte	-81
 998 03c9 10       		.byte	16
 999 03ca E8       		.byte	-24
 1000 03cb 10       		.byte	16
 1001 03cc AC       		.byte	-84
 1002 03cd 80       		.byte	-128
 1003 03ce 00       		.byte	0
 1004 03cf 07       		.byte	7
 1005 03d0 01       		.byte	1
 1006 03d1 01       		.byte	1
 1007 03d2 08       		.byte	8
 1008 03d3 07       		.byte	7
 1009 03d4 09       		.byte	9
 1010 03d5 01       		.byte	1
 1011 03d6 0A       		.byte	10
 1012 03d7 04       		.byte	4
 1013 03d8 0B       		.byte	11
 1014 03d9 01       		.byte	1
 1015 03da 10       		.byte	16
 1016 03db AA       		.byte	-86
 1017 03dc 00       		.byte	0
 1018 03dd 00       		.byte	0
 1019 03de 00       		.byte	0
 1020 03df 01       		.byte	1
 1021 03e0 21       		.byte	33
 1022 03e1 06       		.byte	6
 1023 03e2 1A       		.byte	26
 1024 03e3 08       		.byte	8
 1025 03e4 60       		.byte	96
 1026 03e5 00       		.byte	0
ARM GAS  C:\Users\lopezgui\AppData\Local\Temp\cck4r7QH.s 			page 19


 1027 03e6 00       		.byte	0
 1028 03e7 00       		.byte	0
 1029 03e8 00       		.byte	0
 1030 03e9 00       		.byte	0
 1031 03ea 00       		.byte	0
 1032 03eb 00       		.byte	0
 1033 03ec 42       		.byte	66
 1034 03ed 06       		.byte	6
 1035 03ee 09       		.byte	9
 1036 03ef 08       		.byte	8
 1037 03f0 60       		.byte	96
 1038 03f1 00       		.byte	0
 1039 03f2 00       		.byte	0
 1040 03f3 10       		.byte	16
 1041 03f4 03       		.byte	3
 1042 03f5 00       		.byte	0
 1043 03f6 00       		.byte	0
 1044 03f7 00       		.byte	0
 1045 03f8 00       		.byte	0
 1046 03f9 06       		.byte	6
 1047 03fa 60       		.byte	96
 1048 03fb 18       		.byte	24
 1049 03fc 00       		.byte	0
 1050 03fd 00       		.byte	0
 1051 03fe 60       		.byte	96
 1052 03ff 00       		.byte	0
 1053 0400 60       		.byte	96
 1054 0401 14       		.byte	20
 1055 0402 04       		.byte	4
 1056 0403 08       		.byte	8
 1057 0404 03       		.byte	3
 1058 0405 00       		.byte	0
 1059 0406 00       		.byte	0
 1060 0407 0A       		.byte	10
 1061 0408 00       		.byte	0
 1062 0409 00       		.byte	0
 1063 040a 60       		.byte	96
 1064 040b 01       		.byte	1
 1065 040c 03       		.byte	3
 1066 040d 1E       		.byte	30
 1067 040e 10       		.byte	16
 1068 040f 00       		.byte	0
 1069 0410 60       		.byte	96
 1070 0411 01       		.byte	1
 1071 0412 0C       		.byte	12
 1072 0413 00       		.byte	0
 1073 0414 00       		.byte	0
 1074 0415 00       		.byte	0
 1075 0416 00       		.byte	0
 1076 0417 02       		.byte	2
 1077 0418 00       		.byte	0
 1078 0419 00       		.byte	0
 1079 041a 40       		.byte	64
 1080 041b 10       		.byte	16
 1081 041c 26       		.byte	38
 1082 041d 03       		.byte	3
 1083 041e 05       		.byte	5
ARM GAS  C:\Users\lopezgui\AppData\Local\Temp\cck4r7QH.s 			page 20


 1084 041f 00       		.byte	0
 1085 0420 01       		.byte	1
 1086 0421 0C       		.byte	12
 1087 0422 00       		.byte	0
 1088 0423 E0       		.byte	-32
 1089 0424 21       		.byte	33
 1090 0425 FF       		.byte	-1
 1091 0426 FF       		.byte	-1
 1092 0427 FF       		.byte	-1
 1093 0428 62       		.byte	98
 1094 0429 A0       		.byte	-96
 1095 042a F0       		.byte	-16
 1096 042b 41       		.byte	65
 1097 042c 0C       		.byte	12
 1098 042d 00       		.byte	0
 1099 042e 00       		.byte	0
 1100 042f 00       		.byte	0
 1101 0430 01       		.byte	1
 1102 0431 00       		.byte	0
 1103 0432 00       		.byte	0
 1104 0433 00       		.byte	0
 1105 0434 04       		.byte	4
 1106 0435 04       		.byte	4
 1107 0436 04       		.byte	4
 1108 0437 04       		.byte	4
 1109 0438 22       		.byte	34
 1110 0439 22       		.byte	34
 1111 043a 00       		.byte	0
 1112 043b 01       		.byte	1
 1113 043c 00       		.byte	0
 1114 043d 00       		.byte	0
 1115 043e 00       		.byte	0
 1116 043f 00       		.byte	0
 1117 0440 00       		.byte	0
 1118 0441 00       		.byte	0
 1119 0442 40       		.byte	64
 1120 0443 02       		.byte	2
 1121 0444 00       		.byte	0
 1122 0445 10       		.byte	16
 1123 0446 30       		.byte	48
 1124 0447 10       		.byte	16
 1125 0448 00       		.byte	0
 1126 0449 10       		.byte	16
 1127 044a 10       		.byte	16
 1128 044b 12       		.byte	18
 1129 044c 00       		.byte	0
 1130 044d 00       		.byte	0
 1131 044e 00       		.byte	0
 1132 044f 00       		.byte	0
 1133 0450 00       		.byte	0
 1134 0451 00       		.byte	0
 1135 0452 00       		.byte	0
 1136 0453 00       		.byte	0
 1137 0454 00       		.byte	0
 1138 0455 00       		.byte	0
 1139 0456 00       		.byte	0
 1140 0457 00       		.byte	0
ARM GAS  C:\Users\lopezgui\AppData\Local\Temp\cck4r7QH.s 			page 21


 1141 0458 00       		.byte	0
 1142 0459 00       		.byte	0
 1143 045a 00       		.byte	0
 1144 045b 00       		.byte	0
 1145 045c 75       		.byte	117
 1146 045d 00       		.byte	0
 1147 045e 02       		.byte	2
 1148 045f 75       		.byte	117
 1149 0460 40       		.byte	64
 1150 0461 00       		.byte	0
 1151 0462 40       		.byte	64
 1152 0463 00       		.byte	0
 1153 0464 31       		.byte	49
 1154 0465 00       		.byte	0
 1155 0466 00       		.byte	0
 1156 0467 00       		.byte	0
 1157 0468 08       		.byte	8
 1158 0469 00       		.byte	0
 1159 046a 00       		.byte	0
 1160 046b 08       		.byte	8
 1161 046c 00       		.byte	0
 1162 046d 00       		.byte	0
 1163 046e 00       		.byte	0
 1164 046f 00       		.byte	0
 1165 0470 00       		.byte	0
 1166 0471 00       		.byte	0
 1167 0472 00       		.byte	0
 1168 0473 00       		.byte	0
 1169 0474 12       		.byte	18
 1170 0475 00       		.byte	0
 1171 0476 00       		.byte	0
 1172 0477 12       		.byte	18
 1173 0478 00       		.byte	0
 1174 0479 00       		.byte	0
 1175 047a 00       		.byte	0
 1176 047b 00       		.byte	0
 1177 047c 12       		.byte	18
 1178 047d 00       		.byte	0
 1179 047e 00       		.byte	0
 1180 047f 00       		.byte	0
 1181 0480 00       		.byte	0
 1182 0481 0B       		.byte	11
 1183 0482 0B       		.byte	11
 1184 0483 00       		.byte	0
 1185 0484 00       		.byte	0
 1186 0485 00       		.byte	0
 1187 0486 00       		.byte	0
 1188 0487 00       		.byte	0
 1189 0488 00       		.byte	0
 1190 0489 00       		.byte	0
 1191 048a 00       		.byte	0
 1192 048b 00       		.byte	0
 1193 048c 00       		.byte	0
 1194 048d 00       		.byte	0
 1195 048e 80       		.byte	-128
 1196 048f 00       		.byte	0
 1197              		.section	.cywolatch,"a",%progbits
ARM GAS  C:\Users\lopezgui\AppData\Local\Temp\cck4r7QH.s 			page 22


 1198              		.align	2
 1199              		.type	cy_meta_wonvl, %object
 1200              		.size	cy_meta_wonvl, 4
 1201              	cy_meta_wonvl:
 1202 0000 BC       		.byte	-68
 1203 0001 90       		.byte	-112
 1204 0002 AC       		.byte	-84
 1205 0003 AF       		.byte	-81
 1206              		.section	.cycustnvl,"a",%progbits
 1207              		.align	2
 1208              		.type	cy_meta_custnvl, %object
 1209              		.size	cy_meta_custnvl, 4
 1210              	cy_meta_custnvl:
 1211 0000 00       		.byte	0
 1212 0001 00       		.byte	0
 1213 0002 40       		.byte	64
 1214 0003 05       		.byte	5
 1215              		.section	.cymeta,"a",%progbits
 1216              		.align	2
 1217              		.type	cy_metadata, %object
 1218              		.size	cy_metadata, 12
 1219              	cy_metadata:
 1220 0000 00       		.byte	0
 1221 0001 01       		.byte	1
 1222 0002 2E       		.byte	46
 1223 0003 16       		.byte	22
 1224 0004 10       		.byte	16
 1225 0005 69       		.byte	105
 1226 0006 00       		.byte	0
 1227 0007 01       		.byte	1
 1228 0008 00       		.byte	0
 1229 0009 00       		.byte	0
 1230 000a 00       		.byte	0
 1231 000b 00       		.byte	0
 1232              		.section	.cyflashprotect,"a",%progbits
 1233              		.align	2
 1234              		.type	cy_meta_flashprotect, %object
 1235              		.size	cy_meta_flashprotect, 256
 1236              	cy_meta_flashprotect:
 1237 0000 00000000 		.space	256
 1237      00000000 
 1237      00000000 
 1237      00000000 
 1237      00000000 
 1238              		.text
 1239              	.Letext0:
 1240              		.file 1 "c:\\program files (x86)\\cypress\\psoc creator\\4.1\\psoc creator\\import\\gnu\\arm\\5.4.
 1241              		.file 2 "c:\\program files (x86)\\cypress\\psoc creator\\4.1\\psoc creator\\import\\gnu\\arm\\5.4.
 1242              		.file 3 "Generated_Source\\PSoC5\\cymetadata.c"
 1243              		.section	.debug_info,"",%progbits
 1244              	.Ldebug_info0:
 1245 0000 32010000 		.4byte	0x132
 1246 0004 0400     		.2byte	0x4
 1247 0006 00000000 		.4byte	.Ldebug_abbrev0
 1248 000a 04       		.byte	0x4
 1249 000b 01       		.uleb128 0x1
 1250 000c 24000000 		.4byte	.LASF17
ARM GAS  C:\Users\lopezgui\AppData\Local\Temp\cck4r7QH.s 			page 23


 1251 0010 0C       		.byte	0xc
 1252 0011 C4010000 		.4byte	.LASF18
 1253 0015 5F010000 		.4byte	.LASF19
 1254 0019 00000000 		.4byte	.Ldebug_line0
 1255 001d 02       		.uleb128 0x2
 1256 001e 01       		.byte	0x1
 1257 001f 06       		.byte	0x6
 1258 0020 B8010000 		.4byte	.LASF0
 1259 0024 03       		.uleb128 0x3
 1260 0025 00000000 		.4byte	.LASF9
 1261 0029 01       		.byte	0x1
 1262 002a 1D       		.byte	0x1d
 1263 002b 2F000000 		.4byte	0x2f
 1264 002f 02       		.uleb128 0x2
 1265 0030 01       		.byte	0x1
 1266 0031 08       		.byte	0x8
 1267 0032 16000000 		.4byte	.LASF1
 1268 0036 02       		.uleb128 0x2
 1269 0037 02       		.byte	0x2
 1270 0038 05       		.byte	0x5
 1271 0039 A5010000 		.4byte	.LASF2
 1272 003d 02       		.uleb128 0x2
 1273 003e 02       		.byte	0x2
 1274 003f 07       		.byte	0x7
 1275 0040 C4000000 		.4byte	.LASF3
 1276 0044 02       		.uleb128 0x2
 1277 0045 04       		.byte	0x4
 1278 0046 05       		.byte	0x5
 1279 0047 AF010000 		.4byte	.LASF4
 1280 004b 02       		.uleb128 0x2
 1281 004c 04       		.byte	0x4
 1282 004d 07       		.byte	0x7
 1283 004e B2000000 		.4byte	.LASF5
 1284 0052 02       		.uleb128 0x2
 1285 0053 08       		.byte	0x8
 1286 0054 05       		.byte	0x5
 1287 0055 51010000 		.4byte	.LASF6
 1288 0059 02       		.uleb128 0x2
 1289 005a 08       		.byte	0x8
 1290 005b 07       		.byte	0x7
 1291 005c 06010000 		.4byte	.LASF7
 1292 0060 04       		.uleb128 0x4
 1293 0061 04       		.byte	0x4
 1294 0062 05       		.byte	0x5
 1295 0063 696E7400 		.ascii	"int\000"
 1296 0067 02       		.uleb128 0x2
 1297 0068 04       		.byte	0x4
 1298 0069 07       		.byte	0x7
 1299 006a F9000000 		.4byte	.LASF8
 1300 006e 03       		.uleb128 0x3
 1301 006f 1D010000 		.4byte	.LASF10
 1302 0073 02       		.byte	0x2
 1303 0074 18       		.byte	0x18
 1304 0075 24000000 		.4byte	0x24
 1305 0079 05       		.uleb128 0x5
 1306 007a 91000000 		.4byte	0x91
 1307 007e 8A000000 		.4byte	0x8a
ARM GAS  C:\Users\lopezgui\AppData\Local\Temp\cck4r7QH.s 			page 24


 1308 0082 06       		.uleb128 0x6
 1309 0083 8A000000 		.4byte	0x8a
 1310 0087 8F04     		.2byte	0x48f
 1311 0089 00       		.byte	0
 1312 008a 02       		.uleb128 0x2
 1313 008b 04       		.byte	0x4
 1314 008c 07       		.byte	0x7
 1315 008d 48010000 		.4byte	.LASF11
 1316 0091 07       		.uleb128 0x7
 1317 0092 6E000000 		.4byte	0x6e
 1318 0096 08       		.uleb128 0x8
 1319 0097 E7000000 		.4byte	.LASF12
 1320 009b 03       		.byte	0x3
 1321 009c 1F       		.byte	0x1f
 1322 009d A7000000 		.4byte	0xa7
 1323 00a1 05       		.uleb128 0x5
 1324 00a2 03       		.byte	0x3
 1325 00a3 00000000 		.4byte	cy_meta_configecc
 1326 00a7 07       		.uleb128 0x7
 1327 00a8 79000000 		.4byte	0x79
 1328 00ac 05       		.uleb128 0x5
 1329 00ad 91000000 		.4byte	0x91
 1330 00b1 BC000000 		.4byte	0xbc
 1331 00b5 09       		.uleb128 0x9
 1332 00b6 8A000000 		.4byte	0x8a
 1333 00ba 03       		.byte	0x3
 1334 00bb 00       		.byte	0
 1335 00bc 08       		.uleb128 0x8
 1336 00bd D7000000 		.4byte	.LASF13
 1337 00c1 03       		.byte	0x3
 1338 00c2 BE       		.byte	0xbe
 1339 00c3 CD000000 		.4byte	0xcd
 1340 00c7 05       		.uleb128 0x5
 1341 00c8 03       		.byte	0x3
 1342 00c9 00000000 		.4byte	cy_meta_custnvl
 1343 00cd 07       		.uleb128 0x7
 1344 00ce AC000000 		.4byte	0xac
 1345 00d2 08       		.uleb128 0x8
 1346 00d3 3A010000 		.4byte	.LASF14
 1347 00d7 03       		.byte	0x3
 1348 00d8 CC       		.byte	0xcc
 1349 00d9 E3000000 		.4byte	0xe3
 1350 00dd 05       		.uleb128 0x5
 1351 00de 03       		.byte	0x3
 1352 00df 00000000 		.4byte	cy_meta_wonvl
 1353 00e3 07       		.uleb128 0x7
 1354 00e4 AC000000 		.4byte	0xac
 1355 00e8 05       		.uleb128 0x5
 1356 00e9 91000000 		.4byte	0x91
 1357 00ed F8000000 		.4byte	0xf8
 1358 00f1 09       		.uleb128 0x9
 1359 00f2 8A000000 		.4byte	0x8a
 1360 00f6 FF       		.byte	0xff
 1361 00f7 00       		.byte	0
 1362 00f8 08       		.uleb128 0x8
 1363 00f9 25010000 		.4byte	.LASF15
 1364 00fd 03       		.byte	0x3
ARM GAS  C:\Users\lopezgui\AppData\Local\Temp\cck4r7QH.s 			page 25


 1365 00fe DA       		.byte	0xda
 1366 00ff 09010000 		.4byte	0x109
 1367 0103 05       		.uleb128 0x5
 1368 0104 03       		.byte	0x3
 1369 0105 00000000 		.4byte	cy_meta_flashprotect
 1370 0109 07       		.uleb128 0x7
 1371 010a E8000000 		.4byte	0xe8
 1372 010e 05       		.uleb128 0x5
 1373 010f 91000000 		.4byte	0x91
 1374 0113 1E010000 		.4byte	0x11e
 1375 0117 09       		.uleb128 0x9
 1376 0118 8A000000 		.4byte	0x8a
 1377 011c 0B       		.byte	0xb
 1378 011d 00       		.byte	0
 1379 011e 0A       		.uleb128 0xa
 1380 011f 0A000000 		.4byte	.LASF16
 1381 0123 03       		.byte	0x3
 1382 0124 0701     		.2byte	0x107
 1383 0126 30010000 		.4byte	0x130
 1384 012a 05       		.uleb128 0x5
 1385 012b 03       		.byte	0x3
 1386 012c 00000000 		.4byte	cy_metadata
 1387 0130 07       		.uleb128 0x7
 1388 0131 0E010000 		.4byte	0x10e
 1389 0135 00       		.byte	0
 1390              		.section	.debug_abbrev,"",%progbits
 1391              	.Ldebug_abbrev0:
 1392 0000 01       		.uleb128 0x1
 1393 0001 11       		.uleb128 0x11
 1394 0002 01       		.byte	0x1
 1395 0003 25       		.uleb128 0x25
 1396 0004 0E       		.uleb128 0xe
 1397 0005 13       		.uleb128 0x13
 1398 0006 0B       		.uleb128 0xb
 1399 0007 03       		.uleb128 0x3
 1400 0008 0E       		.uleb128 0xe
 1401 0009 1B       		.uleb128 0x1b
 1402 000a 0E       		.uleb128 0xe
 1403 000b 10       		.uleb128 0x10
 1404 000c 17       		.uleb128 0x17
 1405 000d 00       		.byte	0
 1406 000e 00       		.byte	0
 1407 000f 02       		.uleb128 0x2
 1408 0010 24       		.uleb128 0x24
 1409 0011 00       		.byte	0
 1410 0012 0B       		.uleb128 0xb
 1411 0013 0B       		.uleb128 0xb
 1412 0014 3E       		.uleb128 0x3e
 1413 0015 0B       		.uleb128 0xb
 1414 0016 03       		.uleb128 0x3
 1415 0017 0E       		.uleb128 0xe
 1416 0018 00       		.byte	0
 1417 0019 00       		.byte	0
 1418 001a 03       		.uleb128 0x3
 1419 001b 16       		.uleb128 0x16
 1420 001c 00       		.byte	0
 1421 001d 03       		.uleb128 0x3
ARM GAS  C:\Users\lopezgui\AppData\Local\Temp\cck4r7QH.s 			page 26


 1422 001e 0E       		.uleb128 0xe
 1423 001f 3A       		.uleb128 0x3a
 1424 0020 0B       		.uleb128 0xb
 1425 0021 3B       		.uleb128 0x3b
 1426 0022 0B       		.uleb128 0xb
 1427 0023 49       		.uleb128 0x49
 1428 0024 13       		.uleb128 0x13
 1429 0025 00       		.byte	0
 1430 0026 00       		.byte	0
 1431 0027 04       		.uleb128 0x4
 1432 0028 24       		.uleb128 0x24
 1433 0029 00       		.byte	0
 1434 002a 0B       		.uleb128 0xb
 1435 002b 0B       		.uleb128 0xb
 1436 002c 3E       		.uleb128 0x3e
 1437 002d 0B       		.uleb128 0xb
 1438 002e 03       		.uleb128 0x3
 1439 002f 08       		.uleb128 0x8
 1440 0030 00       		.byte	0
 1441 0031 00       		.byte	0
 1442 0032 05       		.uleb128 0x5
 1443 0033 01       		.uleb128 0x1
 1444 0034 01       		.byte	0x1
 1445 0035 49       		.uleb128 0x49
 1446 0036 13       		.uleb128 0x13
 1447 0037 01       		.uleb128 0x1
 1448 0038 13       		.uleb128 0x13
 1449 0039 00       		.byte	0
 1450 003a 00       		.byte	0
 1451 003b 06       		.uleb128 0x6
 1452 003c 21       		.uleb128 0x21
 1453 003d 00       		.byte	0
 1454 003e 49       		.uleb128 0x49
 1455 003f 13       		.uleb128 0x13
 1456 0040 2F       		.uleb128 0x2f
 1457 0041 05       		.uleb128 0x5
 1458 0042 00       		.byte	0
 1459 0043 00       		.byte	0
 1460 0044 07       		.uleb128 0x7
 1461 0045 26       		.uleb128 0x26
 1462 0046 00       		.byte	0
 1463 0047 49       		.uleb128 0x49
 1464 0048 13       		.uleb128 0x13
 1465 0049 00       		.byte	0
 1466 004a 00       		.byte	0
 1467 004b 08       		.uleb128 0x8
 1468 004c 34       		.uleb128 0x34
 1469 004d 00       		.byte	0
 1470 004e 03       		.uleb128 0x3
 1471 004f 0E       		.uleb128 0xe
 1472 0050 3A       		.uleb128 0x3a
 1473 0051 0B       		.uleb128 0xb
 1474 0052 3B       		.uleb128 0x3b
 1475 0053 0B       		.uleb128 0xb
 1476 0054 49       		.uleb128 0x49
 1477 0055 13       		.uleb128 0x13
 1478 0056 3F       		.uleb128 0x3f
ARM GAS  C:\Users\lopezgui\AppData\Local\Temp\cck4r7QH.s 			page 27


 1479 0057 19       		.uleb128 0x19
 1480 0058 02       		.uleb128 0x2
 1481 0059 18       		.uleb128 0x18
 1482 005a 00       		.byte	0
 1483 005b 00       		.byte	0
 1484 005c 09       		.uleb128 0x9
 1485 005d 21       		.uleb128 0x21
 1486 005e 00       		.byte	0
 1487 005f 49       		.uleb128 0x49
 1488 0060 13       		.uleb128 0x13
 1489 0061 2F       		.uleb128 0x2f
 1490 0062 0B       		.uleb128 0xb
 1491 0063 00       		.byte	0
 1492 0064 00       		.byte	0
 1493 0065 0A       		.uleb128 0xa
 1494 0066 34       		.uleb128 0x34
 1495 0067 00       		.byte	0
 1496 0068 03       		.uleb128 0x3
 1497 0069 0E       		.uleb128 0xe
 1498 006a 3A       		.uleb128 0x3a
 1499 006b 0B       		.uleb128 0xb
 1500 006c 3B       		.uleb128 0x3b
 1501 006d 05       		.uleb128 0x5
 1502 006e 49       		.uleb128 0x49
 1503 006f 13       		.uleb128 0x13
 1504 0070 3F       		.uleb128 0x3f
 1505 0071 19       		.uleb128 0x19
 1506 0072 02       		.uleb128 0x2
 1507 0073 18       		.uleb128 0x18
 1508 0074 00       		.byte	0
 1509 0075 00       		.byte	0
 1510 0076 00       		.byte	0
 1511              		.section	.debug_aranges,"",%progbits
 1512 0000 14000000 		.4byte	0x14
 1513 0004 0200     		.2byte	0x2
 1514 0006 00000000 		.4byte	.Ldebug_info0
 1515 000a 04       		.byte	0x4
 1516 000b 00       		.byte	0
 1517 000c 0000     		.2byte	0
 1518 000e 0000     		.2byte	0
 1519 0010 00000000 		.4byte	0
 1520 0014 00000000 		.4byte	0
 1521              		.section	.debug_line,"",%progbits
 1522              	.Ldebug_line0:
 1523 0000 3D010000 		.section	.debug_str,"MS",%progbits,1
 1523      02003701 
 1523      00000201 
 1523      FB0E0D00 
 1523      01010101 
 1524              	.LASF9:
 1525 0000 5F5F7569 		.ascii	"__uint8_t\000"
 1525      6E74385F 
 1525      7400
 1526              	.LASF16:
 1527 000a 63795F6D 		.ascii	"cy_metadata\000"
 1527      65746164 
 1527      61746100 
ARM GAS  C:\Users\lopezgui\AppData\Local\Temp\cck4r7QH.s 			page 28


 1528              	.LASF1:
 1529 0016 756E7369 		.ascii	"unsigned char\000"
 1529      676E6564 
 1529      20636861 
 1529      7200
 1530              	.LASF17:
 1531 0024 474E5520 		.ascii	"GNU C11 5.4.1 20160609 (release) [ARM/embedded-5-br"
 1531      43313120 
 1531      352E342E 
 1531      31203230 
 1531      31363036 
 1532 0057 616E6368 		.ascii	"anch revision 237715] -mcpu=cortex-m3 -mthumb -g -O"
 1532      20726576 
 1532      6973696F 
 1532      6E203233 
 1532      37373135 
 1533 008a 67202D66 		.ascii	"g -ffunction-sections -ffat-lto-objects\000"
 1533      66756E63 
 1533      74696F6E 
 1533      2D736563 
 1533      74696F6E 
 1534              	.LASF5:
 1535 00b2 6C6F6E67 		.ascii	"long unsigned int\000"
 1535      20756E73 
 1535      69676E65 
 1535      6420696E 
 1535      7400
 1536              	.LASF3:
 1537 00c4 73686F72 		.ascii	"short unsigned int\000"
 1537      7420756E 
 1537      7369676E 
 1537      65642069 
 1537      6E7400
 1538              	.LASF13:
 1539 00d7 63795F6D 		.ascii	"cy_meta_custnvl\000"
 1539      6574615F 
 1539      63757374 
 1539      6E766C00 
 1540              	.LASF12:
 1541 00e7 63795F6D 		.ascii	"cy_meta_configecc\000"
 1541      6574615F 
 1541      636F6E66 
 1541      69676563 
 1541      6300
 1542              	.LASF8:
 1543 00f9 756E7369 		.ascii	"unsigned int\000"
 1543      676E6564 
 1543      20696E74 
 1543      00
 1544              	.LASF7:
 1545 0106 6C6F6E67 		.ascii	"long long unsigned int\000"
 1545      206C6F6E 
 1545      6720756E 
 1545      7369676E 
 1545      65642069 
 1546              	.LASF10:
 1547 011d 75696E74 		.ascii	"uint8_t\000"
ARM GAS  C:\Users\lopezgui\AppData\Local\Temp\cck4r7QH.s 			page 29


 1547      385F7400 
 1548              	.LASF15:
 1549 0125 63795F6D 		.ascii	"cy_meta_flashprotect\000"
 1549      6574615F 
 1549      666C6173 
 1549      6870726F 
 1549      74656374 
 1550              	.LASF14:
 1551 013a 63795F6D 		.ascii	"cy_meta_wonvl\000"
 1551      6574615F 
 1551      776F6E76 
 1551      6C00
 1552              	.LASF11:
 1553 0148 73697A65 		.ascii	"sizetype\000"
 1553      74797065 
 1553      00
 1554              	.LASF6:
 1555 0151 6C6F6E67 		.ascii	"long long int\000"
 1555      206C6F6E 
 1555      6720696E 
 1555      7400
 1556              	.LASF19:
 1557 015f 433A5C55 		.ascii	"C:\\Users\\lopezgui\\Documents\\PSoC Creator\\Proye"
 1557      73657273 
 1557      5C6C6F70 
 1557      657A6775 
 1557      695C446F 
 1558 018d 63746F5F 		.ascii	"cto_1\\Transmitter.cydsn\000"
 1558      315C5472 
 1558      616E736D 
 1558      69747465 
 1558      722E6379 
 1559              	.LASF2:
 1560 01a5 73686F72 		.ascii	"short int\000"
 1560      7420696E 
 1560      7400
 1561              	.LASF4:
 1562 01af 6C6F6E67 		.ascii	"long int\000"
 1562      20696E74 
 1562      00
 1563              	.LASF0:
 1564 01b8 7369676E 		.ascii	"signed char\000"
 1564      65642063 
 1564      68617200 
 1565              	.LASF18:
 1566 01c4 47656E65 		.ascii	"Generated_Source\\PSoC5\\cymetadata.c\000"
 1566      72617465 
 1566      645F536F 
 1566      75726365 
 1566      5C50536F 
 1567              		.ident	"GCC: (GNU Tools for ARM Embedded Processors) 5.4.1 20160609 (release) [ARM/embedded-5-bran
