ARM GAS  C:\Users\lopezgui\AppData\Local\Temp\ccR10v99.s 			page 1


   1              		.syntax unified
   2              		.cpu cortex-m3
   3              		.fpu softvfp
   4              		.eabi_attribute 20, 1
   5              		.eabi_attribute 21, 1
   6              		.eabi_attribute 23, 3
   7              		.eabi_attribute 24, 1
   8              		.eabi_attribute 25, 1
   9              		.eabi_attribute 26, 1
  10              		.eabi_attribute 30, 1
  11              		.eabi_attribute 34, 1
  12              		.eabi_attribute 18, 4
  13              		.thumb
  14              		.syntax unified
  15              		.file	"main.c"
  16              		.text
  17              	.Ltext0:
  18              		.cfi_sections	.debug_frame
  19              		.section	.text.main,"ax",%progbits
  20              		.align	2
  21              		.global	main
  22              		.thumb
  23              		.thumb_func
  24              		.type	main, %function
  25              	main:
  26              	.LFB63:
  27              		.file 1 "main.c"
   1:main.c        **** /* ========================================
   2:main.c        ****  *
   3:main.c        ****  * Copyright YOUR COMPANY, THE YEAR
   4:main.c        ****  * All Rights Reserved
   5:main.c        ****  * UNPUBLISHED, LICENSED SOFTWARE.
   6:main.c        ****  *
   7:main.c        ****  * CONFIDENTIAL AND PROPRIETARY INFORMATION
   8:main.c        ****  * WHICH IS THE PROPERTY OF your company.
   9:main.c        ****  *
  10:main.c        ****  * ========================================
  11:main.c        **** */
  12:main.c        **** #include "project.h"
  13:main.c        **** 
  14:main.c        **** int main(void)
  15:main.c        **** {
  28              		.loc 1 15 0
  29              		.cfi_startproc
  30              		@ args = 0, pretend = 0, frame = 0
  31              		@ frame_needed = 0, uses_anonymous_args = 0
  32 0000 08B5     		push	{r3, lr}
  33              		.cfi_def_cfa_offset 8
  34              		.cfi_offset 3, -8
  35              		.cfi_offset 14, -4
  16:main.c        ****     /* Variable to store UART received character */
  17:main.c        ****     uint8 Ch;
  18:main.c        ****     uint16 Dac1Output;
  19:main.c        ****     uint16 Dac2Output;
  20:main.c        ****     
  21:main.c        ****     CyGlobalIntEnable; /* Enable global interrupts. */
  36              		.loc 1 21 0
ARM GAS  C:\Users\lopezgui\AppData\Local\Temp\ccR10v99.s 			page 2


  37              		.syntax unified
  38              	@ 21 "main.c" 1
  39 0002 62B6     		CPSIE   i
  40              	@ 0 "" 2
  22:main.c        ****     
  23:main.c        ****     /* Initialize Components */
  24:main.c        ****     WaveDAC8_1_Start();
  41              		.loc 1 24 0
  42              		.thumb
  43              		.syntax unified
  44 0004 FFF7FEFF 		bl	WaveDAC8_1_Start
  45              	.LVL0:
  25:main.c        ****     WaveDAC8_2_Start();
  46              		.loc 1 25 0
  47 0008 FFF7FEFF 		bl	WaveDAC8_2_Start
  48              	.LVL1:
  26:main.c        ****     UART_1_Start();
  49              		.loc 1 26 0
  50 000c FFF7FEFF 		bl	UART_1_Start
  51              	.LVL2:
  27:main.c        ****     Clock_1_Start();
  52              		.loc 1 27 0
  53 0010 FFF7FEFF 		bl	Clock_1_Start
  54              	.LVL3:
  28:main.c        ****     Clock_2_Start();
  55              		.loc 1 28 0
  56 0014 FFF7FEFF 		bl	Clock_2_Start
  57              	.LVL4:
  58              	.L2:
  29:main.c        ****     
  30:main.c        ****     
  31:main.c        ****     /* Place your initialization/startup code here (e.g. MyInst_Start()) */
  32:main.c        **** 
  33:main.c        ****     for(;;)
  34:main.c        ****     {
  35:main.c        ****         /* Non-blocking call to get the latest data recieved  */
  36:main.c        ****         Ch = UART_1_GetChar();
  59              		.loc 1 36 0
  60 0018 FFF7FEFF 		bl	UART_1_GetChar
  61              	.LVL5:
  62 001c FCE7     		b	.L2
  63              		.cfi_endproc
  64              	.LFE63:
  65              		.size	main, .-main
  66 001e 00BF     		.text
  67              	.Letext0:
  68              		.file 2 "c:\\program files (x86)\\cypress\\psoc creator\\4.1\\psoc creator\\import\\gnu\\arm\\5.4.
  69              		.file 3 "c:\\program files (x86)\\cypress\\psoc creator\\4.1\\psoc creator\\import\\gnu\\arm\\5.4.
  70              		.file 4 "Generated_Source\\PSoC5/cytypes.h"
  71              		.file 5 "Generated_Source\\PSoC5/WaveDAC8_1.h"
  72              		.file 6 "Generated_Source\\PSoC5/WaveDAC8_2.h"
  73              		.file 7 "Generated_Source\\PSoC5/UART_1.h"
  74              		.file 8 "Generated_Source\\PSoC5/Clock_1.h"
  75              		.file 9 "Generated_Source\\PSoC5/Clock_2.h"
  76              		.file 10 "Generated_Source\\PSoC5/core_cm3.h"
  77              		.section	.debug_info,"",%progbits
  78              	.Ldebug_info0:
ARM GAS  C:\Users\lopezgui\AppData\Local\Temp\ccR10v99.s 			page 3


  79 0000 7C010000 		.4byte	0x17c
  80 0004 0400     		.2byte	0x4
  81 0006 00000000 		.4byte	.Ldebug_abbrev0
  82 000a 04       		.byte	0x4
  83 000b 01       		.uleb128 0x1
  84 000c 3A000000 		.4byte	.LASF26
  85 0010 0C       		.byte	0xc
  86 0011 8C010000 		.4byte	.LASF27
  87 0015 98010000 		.4byte	.LASF28
  88 0019 00000000 		.4byte	.Ldebug_ranges0+0
  89 001d 00000000 		.4byte	0
  90 0021 00000000 		.4byte	.Ldebug_line0
  91 0025 02       		.uleb128 0x2
  92 0026 01       		.byte	0x1
  93 0027 06       		.byte	0x6
  94 0028 03020000 		.4byte	.LASF0
  95 002c 02       		.uleb128 0x2
  96 002d 01       		.byte	0x1
  97 002e 08       		.byte	0x8
  98 002f 2C000000 		.4byte	.LASF1
  99 0033 02       		.uleb128 0x2
 100 0034 02       		.byte	0x2
 101 0035 05       		.byte	0x5
 102 0036 DE010000 		.4byte	.LASF2
 103 003a 02       		.uleb128 0x2
 104 003b 02       		.byte	0x2
 105 003c 07       		.byte	0x7
 106 003d F9000000 		.4byte	.LASF3
 107 0041 03       		.uleb128 0x3
 108 0042 0B000000 		.4byte	.LASF9
 109 0046 02       		.byte	0x2
 110 0047 3F       		.byte	0x3f
 111 0048 4C000000 		.4byte	0x4c
 112 004c 02       		.uleb128 0x2
 113 004d 04       		.byte	0x4
 114 004e 05       		.byte	0x5
 115 004f EE010000 		.4byte	.LASF4
 116 0053 02       		.uleb128 0x2
 117 0054 04       		.byte	0x4
 118 0055 07       		.byte	0x7
 119 0056 E7000000 		.4byte	.LASF5
 120 005a 02       		.uleb128 0x2
 121 005b 08       		.byte	0x8
 122 005c 05       		.byte	0x5
 123 005d 7E010000 		.4byte	.LASF6
 124 0061 02       		.uleb128 0x2
 125 0062 08       		.byte	0x8
 126 0063 07       		.byte	0x7
 127 0064 47010000 		.4byte	.LASF7
 128 0068 04       		.uleb128 0x4
 129 0069 04       		.byte	0x4
 130 006a 05       		.byte	0x5
 131 006b 696E7400 		.ascii	"int\000"
 132 006f 02       		.uleb128 0x2
 133 0070 04       		.byte	0x4
 134 0071 07       		.byte	0x7
 135 0072 3A010000 		.4byte	.LASF8
ARM GAS  C:\Users\lopezgui\AppData\Local\Temp\ccR10v99.s 			page 4


 136 0076 03       		.uleb128 0x3
 137 0077 6D010000 		.4byte	.LASF10
 138 007b 03       		.byte	0x3
 139 007c 2C       		.byte	0x2c
 140 007d 41000000 		.4byte	0x41
 141 0081 05       		.uleb128 0x5
 142 0082 E8010000 		.4byte	.LASF11
 143 0086 04       		.byte	0x4
 144 0087 9201     		.2byte	0x192
 145 0089 2C000000 		.4byte	0x2c
 146 008d 05       		.uleb128 0x5
 147 008e 33010000 		.4byte	.LASF12
 148 0092 04       		.byte	0x4
 149 0093 9301     		.2byte	0x193
 150 0095 3A000000 		.4byte	0x3a
 151 0099 02       		.uleb128 0x2
 152 009a 04       		.byte	0x4
 153 009b 04       		.byte	0x4
 154 009c 26000000 		.4byte	.LASF13
 155 00a0 02       		.uleb128 0x2
 156 00a1 08       		.byte	0x8
 157 00a2 04       		.byte	0x4
 158 00a3 27010000 		.4byte	.LASF14
 159 00a7 02       		.uleb128 0x2
 160 00a8 01       		.byte	0x1
 161 00a9 08       		.byte	0x8
 162 00aa 93010000 		.4byte	.LASF15
 163 00ae 02       		.uleb128 0x2
 164 00af 08       		.byte	0x8
 165 00b0 04       		.byte	0x4
 166 00b1 F7010000 		.4byte	.LASF16
 167 00b5 02       		.uleb128 0x2
 168 00b6 04       		.byte	0x4
 169 00b7 07       		.byte	0x7
 170 00b8 75010000 		.4byte	.LASF17
 171 00bc 06       		.uleb128 0x6
 172 00bd 2E010000 		.4byte	.LASF29
 173 00c1 01       		.byte	0x1
 174 00c2 0E       		.byte	0xe
 175 00c3 68000000 		.4byte	0x68
 176 00c7 00000000 		.4byte	.LFB63
 177 00cb 1E000000 		.4byte	.LFE63-.LFB63
 178 00cf 01       		.uleb128 0x1
 179 00d0 9C       		.byte	0x9c
 180 00d1 2C010000 		.4byte	0x12c
 181 00d5 07       		.uleb128 0x7
 182 00d6 436800   		.ascii	"Ch\000"
 183 00d9 01       		.byte	0x1
 184 00da 11       		.byte	0x11
 185 00db 81000000 		.4byte	0x81
 186 00df 08       		.uleb128 0x8
 187 00e0 0F020000 		.4byte	.LASF18
 188 00e4 01       		.byte	0x1
 189 00e5 12       		.byte	0x12
 190 00e6 8D000000 		.4byte	0x8d
 191 00ea 08       		.uleb128 0x8
 192 00eb 00000000 		.4byte	.LASF19
ARM GAS  C:\Users\lopezgui\AppData\Local\Temp\ccR10v99.s 			page 5


 193 00ef 01       		.byte	0x1
 194 00f0 13       		.byte	0x13
 195 00f1 8D000000 		.4byte	0x8d
 196 00f5 09       		.uleb128 0x9
 197 00f6 08000000 		.4byte	.LVL0
 198 00fa 3D010000 		.4byte	0x13d
 199 00fe 09       		.uleb128 0x9
 200 00ff 0C000000 		.4byte	.LVL1
 201 0103 48010000 		.4byte	0x148
 202 0107 09       		.uleb128 0x9
 203 0108 10000000 		.4byte	.LVL2
 204 010c 53010000 		.4byte	0x153
 205 0110 09       		.uleb128 0x9
 206 0111 14000000 		.4byte	.LVL3
 207 0115 5E010000 		.4byte	0x15e
 208 0119 09       		.uleb128 0x9
 209 011a 18000000 		.4byte	.LVL4
 210 011e 69010000 		.4byte	0x169
 211 0122 09       		.uleb128 0x9
 212 0123 1C000000 		.4byte	.LVL5
 213 0127 74010000 		.4byte	0x174
 214 012b 00       		.byte	0
 215 012c 0A       		.uleb128 0xa
 216 012d 0C010000 		.4byte	.LASF30
 217 0131 0A       		.byte	0xa
 218 0132 1207     		.2byte	0x712
 219 0134 38010000 		.4byte	0x138
 220 0138 0B       		.uleb128 0xb
 221 0139 76000000 		.4byte	0x76
 222 013d 0C       		.uleb128 0xc
 223 013e 15000000 		.4byte	.LASF20
 224 0142 15000000 		.4byte	.LASF20
 225 0146 05       		.byte	0x5
 226 0147 67       		.byte	0x67
 227 0148 0C       		.uleb128 0xc
 228 0149 D6000000 		.4byte	.LASF21
 229 014d D6000000 		.4byte	.LASF21
 230 0151 06       		.byte	0x6
 231 0152 67       		.byte	0x67
 232 0153 0C       		.uleb128 0xc
 233 0154 1A020000 		.4byte	.LASF22
 234 0158 1A020000 		.4byte	.LASF22
 235 015c 07       		.byte	0x7
 236 015d 54       		.byte	0x54
 237 015e 0C       		.uleb128 0xc
 238 015f C8000000 		.4byte	.LASF23
 239 0163 C8000000 		.4byte	.LASF23
 240 0167 08       		.byte	0x8
 241 0168 27       		.byte	0x27
 242 0169 0C       		.uleb128 0xc
 243 016a 19010000 		.4byte	.LASF24
 244 016e 19010000 		.4byte	.LASF24
 245 0172 09       		.byte	0x9
 246 0173 27       		.byte	0x27
 247 0174 0C       		.uleb128 0xc
 248 0175 5E010000 		.4byte	.LASF25
 249 0179 5E010000 		.4byte	.LASF25
ARM GAS  C:\Users\lopezgui\AppData\Local\Temp\ccR10v99.s 			page 6


 250 017d 07       		.byte	0x7
 251 017e 71       		.byte	0x71
 252 017f 00       		.byte	0
 253              		.section	.debug_abbrev,"",%progbits
 254              	.Ldebug_abbrev0:
 255 0000 01       		.uleb128 0x1
 256 0001 11       		.uleb128 0x11
 257 0002 01       		.byte	0x1
 258 0003 25       		.uleb128 0x25
 259 0004 0E       		.uleb128 0xe
 260 0005 13       		.uleb128 0x13
 261 0006 0B       		.uleb128 0xb
 262 0007 03       		.uleb128 0x3
 263 0008 0E       		.uleb128 0xe
 264 0009 1B       		.uleb128 0x1b
 265 000a 0E       		.uleb128 0xe
 266 000b 55       		.uleb128 0x55
 267 000c 17       		.uleb128 0x17
 268 000d 11       		.uleb128 0x11
 269 000e 01       		.uleb128 0x1
 270 000f 10       		.uleb128 0x10
 271 0010 17       		.uleb128 0x17
 272 0011 00       		.byte	0
 273 0012 00       		.byte	0
 274 0013 02       		.uleb128 0x2
 275 0014 24       		.uleb128 0x24
 276 0015 00       		.byte	0
 277 0016 0B       		.uleb128 0xb
 278 0017 0B       		.uleb128 0xb
 279 0018 3E       		.uleb128 0x3e
 280 0019 0B       		.uleb128 0xb
 281 001a 03       		.uleb128 0x3
 282 001b 0E       		.uleb128 0xe
 283 001c 00       		.byte	0
 284 001d 00       		.byte	0
 285 001e 03       		.uleb128 0x3
 286 001f 16       		.uleb128 0x16
 287 0020 00       		.byte	0
 288 0021 03       		.uleb128 0x3
 289 0022 0E       		.uleb128 0xe
 290 0023 3A       		.uleb128 0x3a
 291 0024 0B       		.uleb128 0xb
 292 0025 3B       		.uleb128 0x3b
 293 0026 0B       		.uleb128 0xb
 294 0027 49       		.uleb128 0x49
 295 0028 13       		.uleb128 0x13
 296 0029 00       		.byte	0
 297 002a 00       		.byte	0
 298 002b 04       		.uleb128 0x4
 299 002c 24       		.uleb128 0x24
 300 002d 00       		.byte	0
 301 002e 0B       		.uleb128 0xb
 302 002f 0B       		.uleb128 0xb
 303 0030 3E       		.uleb128 0x3e
 304 0031 0B       		.uleb128 0xb
 305 0032 03       		.uleb128 0x3
 306 0033 08       		.uleb128 0x8
ARM GAS  C:\Users\lopezgui\AppData\Local\Temp\ccR10v99.s 			page 7


 307 0034 00       		.byte	0
 308 0035 00       		.byte	0
 309 0036 05       		.uleb128 0x5
 310 0037 16       		.uleb128 0x16
 311 0038 00       		.byte	0
 312 0039 03       		.uleb128 0x3
 313 003a 0E       		.uleb128 0xe
 314 003b 3A       		.uleb128 0x3a
 315 003c 0B       		.uleb128 0xb
 316 003d 3B       		.uleb128 0x3b
 317 003e 05       		.uleb128 0x5
 318 003f 49       		.uleb128 0x49
 319 0040 13       		.uleb128 0x13
 320 0041 00       		.byte	0
 321 0042 00       		.byte	0
 322 0043 06       		.uleb128 0x6
 323 0044 2E       		.uleb128 0x2e
 324 0045 01       		.byte	0x1
 325 0046 3F       		.uleb128 0x3f
 326 0047 19       		.uleb128 0x19
 327 0048 03       		.uleb128 0x3
 328 0049 0E       		.uleb128 0xe
 329 004a 3A       		.uleb128 0x3a
 330 004b 0B       		.uleb128 0xb
 331 004c 3B       		.uleb128 0x3b
 332 004d 0B       		.uleb128 0xb
 333 004e 27       		.uleb128 0x27
 334 004f 19       		.uleb128 0x19
 335 0050 49       		.uleb128 0x49
 336 0051 13       		.uleb128 0x13
 337 0052 8701     		.uleb128 0x87
 338 0054 19       		.uleb128 0x19
 339 0055 11       		.uleb128 0x11
 340 0056 01       		.uleb128 0x1
 341 0057 12       		.uleb128 0x12
 342 0058 06       		.uleb128 0x6
 343 0059 40       		.uleb128 0x40
 344 005a 18       		.uleb128 0x18
 345 005b 9742     		.uleb128 0x2117
 346 005d 19       		.uleb128 0x19
 347 005e 01       		.uleb128 0x1
 348 005f 13       		.uleb128 0x13
 349 0060 00       		.byte	0
 350 0061 00       		.byte	0
 351 0062 07       		.uleb128 0x7
 352 0063 34       		.uleb128 0x34
 353 0064 00       		.byte	0
 354 0065 03       		.uleb128 0x3
 355 0066 08       		.uleb128 0x8
 356 0067 3A       		.uleb128 0x3a
 357 0068 0B       		.uleb128 0xb
 358 0069 3B       		.uleb128 0x3b
 359 006a 0B       		.uleb128 0xb
 360 006b 49       		.uleb128 0x49
 361 006c 13       		.uleb128 0x13
 362 006d 00       		.byte	0
 363 006e 00       		.byte	0
ARM GAS  C:\Users\lopezgui\AppData\Local\Temp\ccR10v99.s 			page 8


 364 006f 08       		.uleb128 0x8
 365 0070 34       		.uleb128 0x34
 366 0071 00       		.byte	0
 367 0072 03       		.uleb128 0x3
 368 0073 0E       		.uleb128 0xe
 369 0074 3A       		.uleb128 0x3a
 370 0075 0B       		.uleb128 0xb
 371 0076 3B       		.uleb128 0x3b
 372 0077 0B       		.uleb128 0xb
 373 0078 49       		.uleb128 0x49
 374 0079 13       		.uleb128 0x13
 375 007a 00       		.byte	0
 376 007b 00       		.byte	0
 377 007c 09       		.uleb128 0x9
 378 007d 898201   		.uleb128 0x4109
 379 0080 00       		.byte	0
 380 0081 11       		.uleb128 0x11
 381 0082 01       		.uleb128 0x1
 382 0083 31       		.uleb128 0x31
 383 0084 13       		.uleb128 0x13
 384 0085 00       		.byte	0
 385 0086 00       		.byte	0
 386 0087 0A       		.uleb128 0xa
 387 0088 34       		.uleb128 0x34
 388 0089 00       		.byte	0
 389 008a 03       		.uleb128 0x3
 390 008b 0E       		.uleb128 0xe
 391 008c 3A       		.uleb128 0x3a
 392 008d 0B       		.uleb128 0xb
 393 008e 3B       		.uleb128 0x3b
 394 008f 05       		.uleb128 0x5
 395 0090 49       		.uleb128 0x49
 396 0091 13       		.uleb128 0x13
 397 0092 3F       		.uleb128 0x3f
 398 0093 19       		.uleb128 0x19
 399 0094 3C       		.uleb128 0x3c
 400 0095 19       		.uleb128 0x19
 401 0096 00       		.byte	0
 402 0097 00       		.byte	0
 403 0098 0B       		.uleb128 0xb
 404 0099 35       		.uleb128 0x35
 405 009a 00       		.byte	0
 406 009b 49       		.uleb128 0x49
 407 009c 13       		.uleb128 0x13
 408 009d 00       		.byte	0
 409 009e 00       		.byte	0
 410 009f 0C       		.uleb128 0xc
 411 00a0 2E       		.uleb128 0x2e
 412 00a1 00       		.byte	0
 413 00a2 3F       		.uleb128 0x3f
 414 00a3 19       		.uleb128 0x19
 415 00a4 3C       		.uleb128 0x3c
 416 00a5 19       		.uleb128 0x19
 417 00a6 6E       		.uleb128 0x6e
 418 00a7 0E       		.uleb128 0xe
 419 00a8 03       		.uleb128 0x3
 420 00a9 0E       		.uleb128 0xe
ARM GAS  C:\Users\lopezgui\AppData\Local\Temp\ccR10v99.s 			page 9


 421 00aa 3A       		.uleb128 0x3a
 422 00ab 0B       		.uleb128 0xb
 423 00ac 3B       		.uleb128 0x3b
 424 00ad 0B       		.uleb128 0xb
 425 00ae 00       		.byte	0
 426 00af 00       		.byte	0
 427 00b0 00       		.byte	0
 428              		.section	.debug_aranges,"",%progbits
 429 0000 1C000000 		.4byte	0x1c
 430 0004 0200     		.2byte	0x2
 431 0006 00000000 		.4byte	.Ldebug_info0
 432 000a 04       		.byte	0x4
 433 000b 00       		.byte	0
 434 000c 0000     		.2byte	0
 435 000e 0000     		.2byte	0
 436 0010 00000000 		.4byte	.LFB63
 437 0014 1E000000 		.4byte	.LFE63-.LFB63
 438 0018 00000000 		.4byte	0
 439 001c 00000000 		.4byte	0
 440              		.section	.debug_ranges,"",%progbits
 441              	.Ldebug_ranges0:
 442 0000 00000000 		.4byte	.LFB63
 443 0004 1E000000 		.4byte	.LFE63
 444 0008 00000000 		.4byte	0
 445 000c 00000000 		.4byte	0
 446              		.section	.debug_line,"",%progbits
 447              	.Ldebug_line0:
 448 0000 AE010000 		.section	.debug_str,"MS",%progbits,1
 448      02009201 
 448      00000201 
 448      FB0E0D00 
 448      01010101 
 449              	.LASF19:
 450 0000 44616332 		.ascii	"Dac2Output\000"
 450      4F757470 
 450      757400
 451              	.LASF9:
 452 000b 5F5F696E 		.ascii	"__int32_t\000"
 452      7433325F 
 452      7400
 453              	.LASF20:
 454 0015 57617665 		.ascii	"WaveDAC8_1_Start\000"
 454      44414338 
 454      5F315F53 
 454      74617274 
 454      00
 455              	.LASF13:
 456 0026 666C6F61 		.ascii	"float\000"
 456      7400
 457              	.LASF1:
 458 002c 756E7369 		.ascii	"unsigned char\000"
 458      676E6564 
 458      20636861 
 458      7200
 459              	.LASF26:
 460 003a 474E5520 		.ascii	"GNU C11 5.4.1 20160609 (release) [ARM/embedded-5-br"
 460      43313120 
ARM GAS  C:\Users\lopezgui\AppData\Local\Temp\ccR10v99.s 			page 10


 460      352E342E 
 460      31203230 
 460      31363036 
 461 006d 616E6368 		.ascii	"anch revision 237715] -mcpu=cortex-m3 -mthumb -g -O"
 461      20726576 
 461      6973696F 
 461      6E203233 
 461      37373135 
 462 00a0 67202D66 		.ascii	"g -ffunction-sections -ffat-lto-objects\000"
 462      66756E63 
 462      74696F6E 
 462      2D736563 
 462      74696F6E 
 463              	.LASF23:
 464 00c8 436C6F63 		.ascii	"Clock_1_Start\000"
 464      6B5F315F 
 464      53746172 
 464      7400
 465              	.LASF21:
 466 00d6 57617665 		.ascii	"WaveDAC8_2_Start\000"
 466      44414338 
 466      5F325F53 
 466      74617274 
 466      00
 467              	.LASF5:
 468 00e7 6C6F6E67 		.ascii	"long unsigned int\000"
 468      20756E73 
 468      69676E65 
 468      6420696E 
 468      7400
 469              	.LASF3:
 470 00f9 73686F72 		.ascii	"short unsigned int\000"
 470      7420756E 
 470      7369676E 
 470      65642069 
 470      6E7400
 471              	.LASF30:
 472 010c 49544D5F 		.ascii	"ITM_RxBuffer\000"
 472      52784275 
 472      66666572 
 472      00
 473              	.LASF24:
 474 0119 436C6F63 		.ascii	"Clock_2_Start\000"
 474      6B5F325F 
 474      53746172 
 474      7400
 475              	.LASF14:
 476 0127 646F7562 		.ascii	"double\000"
 476      6C6500
 477              	.LASF29:
 478 012e 6D61696E 		.ascii	"main\000"
 478      00
 479              	.LASF12:
 480 0133 75696E74 		.ascii	"uint16\000"
 480      313600
 481              	.LASF8:
 482 013a 756E7369 		.ascii	"unsigned int\000"
ARM GAS  C:\Users\lopezgui\AppData\Local\Temp\ccR10v99.s 			page 11


 482      676E6564 
 482      20696E74 
 482      00
 483              	.LASF7:
 484 0147 6C6F6E67 		.ascii	"long long unsigned int\000"
 484      206C6F6E 
 484      6720756E 
 484      7369676E 
 484      65642069 
 485              	.LASF25:
 486 015e 55415254 		.ascii	"UART_1_GetChar\000"
 486      5F315F47 
 486      65744368 
 486      617200
 487              	.LASF10:
 488 016d 696E7433 		.ascii	"int32_t\000"
 488      325F7400 
 489              	.LASF17:
 490 0175 73697A65 		.ascii	"sizetype\000"
 490      74797065 
 490      00
 491              	.LASF6:
 492 017e 6C6F6E67 		.ascii	"long long int\000"
 492      206C6F6E 
 492      6720696E 
 492      7400
 493              	.LASF27:
 494 018c 6D61696E 		.ascii	"main.c\000"
 494      2E6300
 495              	.LASF15:
 496 0193 63686172 		.ascii	"char\000"
 496      00
 497              	.LASF28:
 498 0198 433A5C55 		.ascii	"C:\\Users\\lopezgui\\Documents\\PSoC Creator\\Proye"
 498      73657273 
 498      5C6C6F70 
 498      657A6775 
 498      695C446F 
 499 01c6 63746F5F 		.ascii	"cto_1\\Transmitter.cydsn\000"
 499      315C5472 
 499      616E736D 
 499      69747465 
 499      722E6379 
 500              	.LASF2:
 501 01de 73686F72 		.ascii	"short int\000"
 501      7420696E 
 501      7400
 502              	.LASF11:
 503 01e8 75696E74 		.ascii	"uint8\000"
 503      3800
 504              	.LASF4:
 505 01ee 6C6F6E67 		.ascii	"long int\000"
 505      20696E74 
 505      00
 506              	.LASF16:
 507 01f7 6C6F6E67 		.ascii	"long double\000"
 507      20646F75 
ARM GAS  C:\Users\lopezgui\AppData\Local\Temp\ccR10v99.s 			page 12


 507      626C6500 
 508              	.LASF0:
 509 0203 7369676E 		.ascii	"signed char\000"
 509      65642063 
 509      68617200 
 510              	.LASF18:
 511 020f 44616331 		.ascii	"Dac1Output\000"
 511      4F757470 
 511      757400
 512              	.LASF22:
 513 021a 55415254 		.ascii	"UART_1_Start\000"
 513      5F315F53 
 513      74617274 
 513      00
 514              		.ident	"GCC: (GNU Tools for ARM Embedded Processors) 5.4.1 20160609 (release) [ARM/embedded-5-bran
