--------------- Clean Started: 02/20/2018 19:04:09 Project: Transmitter, Configuration: ARM GCC 5.4-2016-q2-update Debug ---------------
Deleting file ".\CortexM3\ARM_GCC_541\Debug\main.o"
Deleting file ".\CortexM3\ARM_GCC_541\Debug\cyfitter_cfg.o"
Deleting file ".\CortexM3\ARM_GCC_541\Debug\cymetadata.o"
Deleting file ".\CortexM3\ARM_GCC_541\Debug\Cm3Start.o"
Deleting file ".\CortexM3\ARM_GCC_541\Debug\CyBootAsmGnu.o"
Deleting file ".\CortexM3\ARM_GCC_541\Debug\CyDmac.o"
Deleting file ".\CortexM3\ARM_GCC_541\Debug\CyFlash.o"
Deleting file ".\CortexM3\ARM_GCC_541\Debug\CyLib.o"
Deleting file ".\CortexM3\ARM_GCC_541\Debug\cyPm.o"
Deleting file ".\CortexM3\ARM_GCC_541\Debug\CySpc.o"
Deleting file ".\CortexM3\ARM_GCC_541\Debug\cyutils.o"
Deleting file ".\CortexM3\ARM_GCC_541\Debug\WaveDAC8_1.o"
Deleting file ".\CortexM3\ARM_GCC_541\Debug\WaveDAC8_1_PM.o"
Deleting file ".\CortexM3\ARM_GCC_541\Debug\Pin_2.o"
Deleting file ".\CortexM3\ARM_GCC_541\Debug\WaveDAC8_1_Wave1_DMA_dma.o"
Deleting file ".\CortexM3\ARM_GCC_541\Debug\WaveDAC8_1_Wave2_DMA_dma.o"
Deleting file ".\CortexM3\ARM_GCC_541\Debug\WaveDAC8_1_VDAC8.o"
Deleting file ".\CortexM3\ARM_GCC_541\Debug\WaveDAC8_1_VDAC8_PM.o"
Deleting file ".\CortexM3\ARM_GCC_541\Debug\Pin_1.o"
Deleting file ".\CortexM3\ARM_GCC_541\Debug\WaveDAC8_2.o"
Deleting file ".\CortexM3\ARM_GCC_541\Debug\WaveDAC8_2_PM.o"
Deleting file ".\CortexM3\ARM_GCC_541\Debug\UART_1.o"
Deleting file ".\CortexM3\ARM_GCC_541\Debug\UART_1_PM.o"
Deleting file ".\CortexM3\ARM_GCC_541\Debug\UART_1_INT.o"
Deleting file ".\CortexM3\ARM_GCC_541\Debug\UART_1_BOOT.o"
Deleting file ".\CortexM3\ARM_GCC_541\Debug\WaveDAC8_2_Wave1_DMA_dma.o"
Deleting file ".\CortexM3\ARM_GCC_541\Debug\WaveDAC8_2_Wave2_DMA_dma.o"
Deleting file ".\CortexM3\ARM_GCC_541\Debug\WaveDAC8_2_VDAC8.o"
Deleting file ".\CortexM3\ARM_GCC_541\Debug\WaveDAC8_2_VDAC8_PM.o"
Deleting file ".\CortexM3\ARM_GCC_541\Debug\UART_1_IntClock.o"
Deleting file ".\CortexM3\ARM_GCC_541\Debug\Clock_1.o"
Deleting file ".\CortexM3\ARM_GCC_541\Debug\Clock_2.o"
Deleting file ".\CortexM3\ARM_GCC_541\Debug\Transmitter.hex"
Deleting file ".\CortexM3\ARM_GCC_541\Debug\Transmitter.elf"
Deleting file ".\CortexM3\ARM_GCC_541\Debug\Transmitter.map"
Deleting file ".\Transmitter.rpt"
Deleting file ".\Transmitter_timing.html"
Deleting file ".\CortexM3\ARM_GCC_541\Debug\.deps\SOURCE_C__ARM_GCC_GENERIC.P"
Deleting file ".\CortexM3\ARM_GCC_541\Debug\.deps\SOURCE_ASM__ARM_GCC_GENERIC.P"
--------------- Clean Succeeded: 02/20/2018 19:04:09 ---------------
