ARM GAS  C:\Users\edward\AppData\Local\Temp\ccCJWAti.s 			page 1


   1              		.syntax unified
   2              		.cpu cortex-m3
   3              		.fpu softvfp
   4              		.eabi_attribute 20, 1
   5              		.eabi_attribute 21, 1
   6              		.eabi_attribute 23, 3
   7              		.eabi_attribute 24, 1
   8              		.eabi_attribute 25, 1
   9              		.eabi_attribute 26, 1
  10              		.eabi_attribute 30, 1
  11              		.eabi_attribute 34, 1
  12              		.eabi_attribute 18, 4
  13              		.thumb
  14              		.syntax unified
  15              		.file	"cymetadata.c"
  16              		.text
  17              	.Ltext0:
  18              		.cfi_sections	.debug_frame
  19              		.global	cy_metadata
  20              		.global	cy_meta_flashprotect
  21              		.global	cy_meta_wonvl
  22              		.global	cy_meta_custnvl
  23              		.global	cy_meta_configecc
  24              		.section	.cyconfigecc,"a",%progbits
  25              		.align	2
  26              		.type	cy_meta_configecc, %object
  27              		.size	cy_meta_configecc, 1084
  28              	cy_meta_configecc:
  29 0000 01       		.byte	1
  30 0001 5A       		.byte	90
  31 0002 00       		.byte	0
  32 0003 40       		.byte	64
  33 0004 01       		.byte	1
  34 0005 64       		.byte	100
  35 0006 00       		.byte	0
  36 0007 40       		.byte	64
  37 0008 02       		.byte	2
  38 0009 65       		.byte	101
  39 000a 00       		.byte	0
  40 000b 40       		.byte	64
  41 000c 01       		.byte	1
  42 000d 03       		.byte	3
  43 000e 01       		.byte	1
  44 000f 40       		.byte	64
  45 0010 04       		.byte	4
  46 0011 06       		.byte	6
  47 0012 01       		.byte	1
  48 0013 40       		.byte	64
  49 0014 02       		.byte	2
  50 0015 07       		.byte	7
  51 0016 01       		.byte	1
  52 0017 40       		.byte	64
  53 0018 5A       		.byte	90
  54 0019 08       		.byte	8
  55 001a 01       		.byte	1
  56 001b 40       		.byte	64
  57 001c 33       		.byte	51
ARM GAS  C:\Users\edward\AppData\Local\Temp\ccCJWAti.s 			page 2


  58 001d 09       		.byte	9
  59 001e 01       		.byte	1
  60 001f 40       		.byte	64
  61 0020 04       		.byte	4
  62 0021 0B       		.byte	11
  63 0022 01       		.byte	1
  64 0023 40       		.byte	64
  65 0024 04       		.byte	4
  66 0025 0D       		.byte	13
  67 0026 01       		.byte	1
  68 0027 40       		.byte	64
  69 0028 02       		.byte	2
  70 0029 17       		.byte	23
  71 002a 01       		.byte	1
  72 002b 40       		.byte	64
  73 002c 0E       		.byte	14
  74 002d 18       		.byte	24
  75 002e 01       		.byte	1
  76 002f 40       		.byte	64
  77 0030 3F       		.byte	63
  78 0031 19       		.byte	25
  79 0032 01       		.byte	1
  80 0033 40       		.byte	64
  81 0034 3B       		.byte	59
  82 0035 1A       		.byte	26
  83 0036 01       		.byte	1
  84 0037 40       		.byte	64
  85 0038 32       		.byte	50
  86 0039 1B       		.byte	27
  87 003a 01       		.byte	1
  88 003b 40       		.byte	64
  89 003c 03       		.byte	3
  90 003d 40       		.byte	64
  91 003e 01       		.byte	1
  92 003f 40       		.byte	64
  93 0040 03       		.byte	3
  94 0041 41       		.byte	65
  95 0042 01       		.byte	1
  96 0043 40       		.byte	64
  97 0044 02       		.byte	2
  98 0045 43       		.byte	67
  99 0046 01       		.byte	1
 100 0047 40       		.byte	64
 101 0048 02       		.byte	2
 102 0049 44       		.byte	68
 103 004a 01       		.byte	1
 104 004b 40       		.byte	64
 105 004c 03       		.byte	3
 106 004d 45       		.byte	69
 107 004e 01       		.byte	1
 108 004f 40       		.byte	64
 109 0050 05       		.byte	5
 110 0051 46       		.byte	70
 111 0052 01       		.byte	1
 112 0053 40       		.byte	64
 113 0054 06       		.byte	6
 114 0055 47       		.byte	71
ARM GAS  C:\Users\edward\AppData\Local\Temp\ccCJWAti.s 			page 3


 115 0056 01       		.byte	1
 116 0057 40       		.byte	64
 117 0058 06       		.byte	6
 118 0059 48       		.byte	72
 119 005a 01       		.byte	1
 120 005b 40       		.byte	64
 121 005c 06       		.byte	6
 122 005d 4C       		.byte	76
 123 005e 01       		.byte	1
 124 005f 40       		.byte	64
 125 0060 07       		.byte	7
 126 0061 4D       		.byte	77
 127 0062 01       		.byte	1
 128 0063 40       		.byte	64
 129 0064 08       		.byte	8
 130 0065 50       		.byte	80
 131 0066 01       		.byte	1
 132 0067 40       		.byte	64
 133 0068 01       		.byte	1
 134 0069 51       		.byte	81
 135 006a 01       		.byte	1
 136 006b 40       		.byte	64
 137 006c 9F       		.byte	-97
 138 006d 01       		.byte	1
 139 006e 88       		.byte	-120
 140 006f 0F       		.byte	15
 141 0070 88       		.byte	-120
 142 0071 38       		.byte	56
 143 0072 8B       		.byte	-117
 144 0073 72       		.byte	114
 145 0074 EE       		.byte	-18
 146 0075 06       		.byte	6
 147 0076 B8       		.byte	-72
 148 0077 80       		.byte	-128
 149 0078 BE       		.byte	-66
 150 0079 40       		.byte	64
 151 007a D8       		.byte	-40
 152 007b 04       		.byte	4
 153 007c DF       		.byte	-33
 154 007d 01       		.byte	1
 155 007e 18       		.byte	24
 156 007f 02       		.byte	2
 157 0080 E0       		.byte	-32
 158 0081 02       		.byte	2
 159 0082 00       		.byte	0
 160 0083 02       		.byte	2
 161 0084 06       		.byte	6
 162 0085 02       		.byte	2
 163 0086 0A       		.byte	10
 164 0087 02       		.byte	2
 165 0088 0C       		.byte	12
 166 0089 01       		.byte	1
 167 008a 11       		.byte	17
 168 008b 03       		.byte	3
 169 008c 13       		.byte	19
 170 008d 04       		.byte	4
 171 008e 19       		.byte	25
ARM GAS  C:\Users\edward\AppData\Local\Temp\ccCJWAti.s 			page 4


 172 008f 0A       		.byte	10
 173 0090 1B       		.byte	27
 174 0091 04       		.byte	4
 175 0092 1D       		.byte	29
 176 0093 03       		.byte	3
 177 0094 1F       		.byte	31
 178 0095 0C       		.byte	12
 179 0096 22       		.byte	34
 180 0097 02       		.byte	2
 181 0098 23       		.byte	35
 182 0099 08       		.byte	8
 183 009a 2B       		.byte	43
 184 009b 05       		.byte	5
 185 009c 2C       		.byte	44
 186 009d 02       		.byte	2
 187 009e 2D       		.byte	45
 188 009f 03       		.byte	3
 189 00a0 2F       		.byte	47
 190 00a1 04       		.byte	4
 191 00a2 30       		.byte	48
 192 00a3 02       		.byte	2
 193 00a4 31       		.byte	49
 194 00a5 0F       		.byte	15
 195 00a6 34       		.byte	52
 196 00a7 01       		.byte	1
 197 00a8 3B       		.byte	59
 198 00a9 02       		.byte	2
 199 00aa 3E       		.byte	62
 200 00ab 11       		.byte	17
 201 00ac 40       		.byte	64
 202 00ad 16       		.byte	22
 203 00ae 41       		.byte	65
 204 00af 04       		.byte	4
 205 00b0 46       		.byte	70
 206 00b1 0C       		.byte	12
 207 00b2 47       		.byte	71
 208 00b3 EB       		.byte	-21
 209 00b4 48       		.byte	72
 210 00b5 34       		.byte	52
 211 00b6 49       		.byte	73
 212 00b7 FF       		.byte	-1
 213 00b8 4A       		.byte	74
 214 00b9 FF       		.byte	-1
 215 00ba 4B       		.byte	75
 216 00bb FF       		.byte	-1
 217 00bc 4E       		.byte	78
 218 00bd F0       		.byte	-16
 219 00be 4F       		.byte	79
 220 00bf 44       		.byte	68
 221 00c0 50       		.byte	80
 222 00c1 0C       		.byte	12
 223 00c2 54       		.byte	84
 224 00c3 01       		.byte	1
 225 00c4 58       		.byte	88
 226 00c5 04       		.byte	4
 227 00c6 59       		.byte	89
 228 00c7 04       		.byte	4
ARM GAS  C:\Users\edward\AppData\Local\Temp\ccCJWAti.s 			page 5


 229 00c8 5A       		.byte	90
 230 00c9 04       		.byte	4
 231 00ca 5B       		.byte	91
 232 00cb 04       		.byte	4
 233 00cc 5C       		.byte	92
 234 00cd 10       		.byte	16
 235 00ce 5D       		.byte	93
 236 00cf 11       		.byte	17
 237 00d0 5F       		.byte	95
 238 00d1 01       		.byte	1
 239 00d2 66       		.byte	102
 240 00d3 C0       		.byte	-64
 241 00d4 6A       		.byte	106
 242 00d5 40       		.byte	64
 243 00d6 6B       		.byte	107
 244 00d7 02       		.byte	2
 245 00d8 87       		.byte	-121
 246 00d9 20       		.byte	32
 247 00da 88       		.byte	-120
 248 00db 04       		.byte	4
 249 00dc 89       		.byte	-119
 250 00dd 10       		.byte	16
 251 00de 8A       		.byte	-118
 252 00df 02       		.byte	2
 253 00e0 8D       		.byte	-115
 254 00e1 09       		.byte	9
 255 00e2 8E       		.byte	-114
 256 00e3 06       		.byte	6
 257 00e4 8F       		.byte	-113
 258 00e5 10       		.byte	16
 259 00e6 93       		.byte	-109
 260 00e7 03       		.byte	3
 261 00e8 95       		.byte	-107
 262 00e9 14       		.byte	20
 263 00ea 98       		.byte	-104
 264 00eb 01       		.byte	1
 265 00ec 99       		.byte	-103
 266 00ed 5C       		.byte	92
 267 00ee 9B       		.byte	-101
 268 00ef 02       		.byte	2
 269 00f0 9D       		.byte	-99
 270 00f1 70       		.byte	112
 271 00f2 9F       		.byte	-97
 272 00f3 0C       		.byte	12
 273 00f4 A1       		.byte	-95
 274 00f5 6C       		.byte	108
 275 00f6 A3       		.byte	-93
 276 00f7 11       		.byte	17
 277 00f8 AA       		.byte	-86
 278 00f9 08       		.byte	8
 279 00fa B0       		.byte	-80
 280 00fb 04       		.byte	4
 281 00fc B1       		.byte	-79
 282 00fd 1F       		.byte	31
 283 00fe B2       		.byte	-78
 284 00ff 08       		.byte	8
 285 0100 B4       		.byte	-76
ARM GAS  C:\Users\edward\AppData\Local\Temp\ccCJWAti.s 			page 6


 286 0101 01       		.byte	1
 287 0102 B5       		.byte	-75
 288 0103 1F       		.byte	31
 289 0104 B6       		.byte	-74
 290 0105 02       		.byte	2
 291 0106 B7       		.byte	-73
 292 0107 60       		.byte	96
 293 0108 B9       		.byte	-71
 294 0109 80       		.byte	-128
 295 010a BE       		.byte	-66
 296 010b 51       		.byte	81
 297 010c BF       		.byte	-65
 298 010d 40       		.byte	64
 299 010e C0       		.byte	-64
 300 010f 05       		.byte	5
 301 0110 C6       		.byte	-58
 302 0111 40       		.byte	64
 303 0112 C9       		.byte	-55
 304 0113 FF       		.byte	-1
 305 0114 CA       		.byte	-54
 306 0115 07       		.byte	7
 307 0116 CB       		.byte	-53
 308 0117 FF       		.byte	-1
 309 0118 CC       		.byte	-52
 310 0119 40       		.byte	64
 311 011a CD       		.byte	-51
 312 011b 20       		.byte	32
 313 011c CE       		.byte	-50
 314 011d F0       		.byte	-16
 315 011e CF       		.byte	-49
 316 011f 05       		.byte	5
 317 0120 D0       		.byte	-48
 318 0121 08       		.byte	8
 319 0122 D8       		.byte	-40
 320 0123 04       		.byte	4
 321 0124 D9       		.byte	-39
 322 0125 04       		.byte	4
 323 0126 DA       		.byte	-38
 324 0127 04       		.byte	4
 325 0128 DC       		.byte	-36
 326 0129 12       		.byte	18
 327 012a DD       		.byte	-35
 328 012b 01       		.byte	1
 329 012c DF       		.byte	-33
 330 012d 01       		.byte	1
 331 012e E0       		.byte	-32
 332 012f 40       		.byte	64
 333 0130 E1       		.byte	-31
 334 0131 A8       		.byte	-88
 335 0132 E2       		.byte	-30
 336 0133 40       		.byte	64
 337 0134 E3       		.byte	-29
 338 0135 20       		.byte	32
 339 0136 00       		.byte	0
 340 0137 10       		.byte	16
 341 0138 03       		.byte	3
 342 0139 02       		.byte	2
ARM GAS  C:\Users\edward\AppData\Local\Temp\ccCJWAti.s 			page 7


 343 013a 04       		.byte	4
 344 013b 08       		.byte	8
 345 013c 05       		.byte	5
 346 013d 11       		.byte	17
 347 013e 06       		.byte	6
 348 013f 01       		.byte	1
 349 0140 07       		.byte	7
 350 0141 02       		.byte	2
 351 0142 09       		.byte	9
 352 0143 20       		.byte	32
 353 0144 10       		.byte	16
 354 0145 04       		.byte	4
 355 0146 16       		.byte	22
 356 0147 80       		.byte	-128
 357 0148 17       		.byte	23
 358 0149 40       		.byte	64
 359 014a 18       		.byte	24
 360 014b 50       		.byte	80
 361 014c 1A       		.byte	26
 362 014d 0A       		.byte	10
 363 014e 1E       		.byte	30
 364 014f 88       		.byte	-120
 365 0150 20       		.byte	32
 366 0151 02       		.byte	2
 367 0152 21       		.byte	33
 368 0153 22       		.byte	34
 369 0154 27       		.byte	39
 370 0155 40       		.byte	64
 371 0156 28       		.byte	40
 372 0157 80       		.byte	-128
 373 0158 29       		.byte	41
 374 0159 01       		.byte	1
 375 015a 2C       		.byte	44
 376 015b 08       		.byte	8
 377 015c 2E       		.byte	46
 378 015d 80       		.byte	-128
 379 015e 2F       		.byte	47
 380 015f 40       		.byte	64
 381 0160 31       		.byte	49
 382 0161 1A       		.byte	26
 383 0162 33       		.byte	51
 384 0163 40       		.byte	64
 385 0164 35       		.byte	53
 386 0165 11       		.byte	17
 387 0166 37       		.byte	55
 388 0167 40       		.byte	64
 389 0168 38       		.byte	56
 390 0169 08       		.byte	8
 391 016a 39       		.byte	57
 392 016b 20       		.byte	32
 393 016c 3B       		.byte	59
 394 016d 80       		.byte	-128
 395 016e 44       		.byte	68
 396 016f 80       		.byte	-128
 397 0170 47       		.byte	71
 398 0171 40       		.byte	64
 399 0172 48       		.byte	72
ARM GAS  C:\Users\edward\AppData\Local\Temp\ccCJWAti.s 			page 8


 400 0173 01       		.byte	1
 401 0174 4C       		.byte	76
 402 0175 04       		.byte	4
 403 0176 50       		.byte	80
 404 0177 0C       		.byte	12
 405 0178 51       		.byte	81
 406 0179 10       		.byte	16
 407 017a 55       		.byte	85
 408 017b 08       		.byte	8
 409 017c 56       		.byte	86
 410 017d 81       		.byte	-127
 411 017e 5E       		.byte	94
 412 017f 88       		.byte	-120
 413 0180 5F       		.byte	95
 414 0181 22       		.byte	34
 415 0182 94       		.byte	-108
 416 0183 40       		.byte	64
 417 0184 96       		.byte	-106
 418 0185 02       		.byte	2
 419 0186 98       		.byte	-104
 420 0187 04       		.byte	4
 421 0188 C0       		.byte	-64
 422 0189 F3       		.byte	-13
 423 018a C2       		.byte	-62
 424 018b 02       		.byte	2
 425 018c C4       		.byte	-60
 426 018d 92       		.byte	-110
 427 018e CA       		.byte	-54
 428 018f B1       		.byte	-79
 429 0190 CC       		.byte	-52
 430 0191 BF       		.byte	-65
 431 0192 CE       		.byte	-50
 432 0193 0E       		.byte	14
 433 0194 D0       		.byte	-48
 434 0195 90       		.byte	-112
 435 0196 D2       		.byte	-46
 436 0197 28       		.byte	40
 437 0198 D6       		.byte	-42
 438 0199 F0       		.byte	-16
 439 019a E0       		.byte	-32
 440 019b 02       		.byte	2
 441 019c 94       		.byte	-108
 442 019d 40       		.byte	64
 443 019e 96       		.byte	-106
 444 019f 02       		.byte	2
 445 01a0 98       		.byte	-104
 446 01a1 04       		.byte	4
 447 01a2 B0       		.byte	-80
 448 01a3 04       		.byte	4
 449 01a4 94       		.byte	-108
 450 01a5 40       		.byte	64
 451 01a6 96       		.byte	-106
 452 01a7 02       		.byte	2
 453 01a8 A8       		.byte	-88
 454 01a9 40       		.byte	64
 455 01aa AE       		.byte	-82
 456 01ab 01       		.byte	1
ARM GAS  C:\Users\edward\AppData\Local\Temp\ccCJWAti.s 			page 9


 457 01ac B4       		.byte	-76
 458 01ad 01       		.byte	1
 459 01ae EC       		.byte	-20
 460 01af 40       		.byte	64
 461 01b0 82       		.byte	-126
 462 01b1 05       		.byte	5
 463 01b2 8E       		.byte	-114
 464 01b3 03       		.byte	3
 465 01b4 92       		.byte	-110
 466 01b5 06       		.byte	6
 467 01b6 96       		.byte	-106
 468 01b7 02       		.byte	2
 469 01b8 98       		.byte	-104
 470 01b9 06       		.byte	6
 471 01ba 9A       		.byte	-102
 472 01bb 01       		.byte	1
 473 01bc AA       		.byte	-86
 474 01bd 01       		.byte	1
 475 01be B0       		.byte	-80
 476 01bf 07       		.byte	7
 477 01c0 BA       		.byte	-70
 478 01c1 02       		.byte	2
 479 01c2 BB       		.byte	-69
 480 01c3 02       		.byte	2
 481 01c4 D8       		.byte	-40
 482 01c5 04       		.byte	4
 483 01c6 D9       		.byte	-39
 484 01c7 04       		.byte	4
 485 01c8 DC       		.byte	-36
 486 01c9 11       		.byte	17
 487 01ca DF       		.byte	-33
 488 01cb 01       		.byte	1
 489 01cc 00       		.byte	0
 490 01cd 40       		.byte	64
 491 01ce 03       		.byte	3
 492 01cf 40       		.byte	64
 493 01d0 05       		.byte	5
 494 01d1 51       		.byte	81
 495 01d2 07       		.byte	7
 496 01d3 10       		.byte	16
 497 01d4 08       		.byte	8
 498 01d5 08       		.byte	8
 499 01d6 09       		.byte	9
 500 01d7 20       		.byte	32
 501 01d8 0B       		.byte	11
 502 01d9 80       		.byte	-128
 503 01da 0C       		.byte	12
 504 01db 08       		.byte	8
 505 01dc 0E       		.byte	14
 506 01dd 41       		.byte	65
 507 01de 0F       		.byte	15
 508 01df 08       		.byte	8
 509 01e0 10       		.byte	16
 510 01e1 08       		.byte	8
 511 01e2 14       		.byte	20
 512 01e3 08       		.byte	8
 513 01e4 15       		.byte	21
ARM GAS  C:\Users\edward\AppData\Local\Temp\ccCJWAti.s 			page 10


 514 01e5 22       		.byte	34
 515 01e6 17       		.byte	23
 516 01e7 44       		.byte	68
 517 01e8 18       		.byte	24
 518 01e9 40       		.byte	64
 519 01ea 19       		.byte	25
 520 01eb 01       		.byte	1
 521 01ec 1D       		.byte	29
 522 01ed 70       		.byte	112
 523 01ee 1E       		.byte	30
 524 01ef 40       		.byte	64
 525 01f0 1F       		.byte	31
 526 01f1 44       		.byte	68
 527 01f2 21       		.byte	33
 528 01f3 01       		.byte	1
 529 01f4 22       		.byte	34
 530 01f5 02       		.byte	2
 531 01f6 23       		.byte	35
 532 01f7 40       		.byte	64
 533 01f8 24       		.byte	36
 534 01f9 01       		.byte	1
 535 01fa 25       		.byte	37
 536 01fb 10       		.byte	16
 537 01fc 27       		.byte	39
 538 01fd A0       		.byte	-96
 539 01fe 2D       		.byte	45
 540 01ff 80       		.byte	-128
 541 0200 2E       		.byte	46
 542 0201 01       		.byte	1
 543 0202 2F       		.byte	47
 544 0203 28       		.byte	40
 545 0204 34       		.byte	52
 546 0205 80       		.byte	-128
 547 0206 36       		.byte	54
 548 0207 02       		.byte	2
 549 0208 37       		.byte	55
 550 0209 14       		.byte	20
 551 020a 3D       		.byte	61
 552 020b 02       		.byte	2
 553 020c 3F       		.byte	63
 554 020d 80       		.byte	-128
 555 020e 44       		.byte	68
 556 020f 80       		.byte	-128
 557 0210 45       		.byte	69
 558 0211 02       		.byte	2
 559 0212 46       		.byte	70
 560 0213 08       		.byte	8
 561 0214 47       		.byte	71
 562 0215 84       		.byte	-124
 563 0216 4F       		.byte	79
 564 0217 40       		.byte	64
 565 0218 57       		.byte	87
 566 0219 44       		.byte	68
 567 021a 5C       		.byte	92
 568 021b 01       		.byte	1
 569 021c 66       		.byte	102
 570 021d 80       		.byte	-128
ARM GAS  C:\Users\edward\AppData\Local\Temp\ccCJWAti.s 			page 11


 571 021e 67       		.byte	103
 572 021f 08       		.byte	8
 573 0220 91       		.byte	-111
 574 0221 20       		.byte	32
 575 0222 97       		.byte	-105
 576 0223 80       		.byte	-128
 577 0224 9B       		.byte	-101
 578 0225 40       		.byte	64
 579 0226 9D       		.byte	-99
 580 0227 11       		.byte	17
 581 0228 A0       		.byte	-96
 582 0229 08       		.byte	8
 583 022a AA       		.byte	-86
 584 022b 80       		.byte	-128
 585 022c AB       		.byte	-85
 586 022d 20       		.byte	32
 587 022e B2       		.byte	-78
 588 022f 04       		.byte	4
 589 0230 B7       		.byte	-73
 590 0231 02       		.byte	2
 591 0232 C0       		.byte	-64
 592 0233 F9       		.byte	-7
 593 0234 C2       		.byte	-62
 594 0235 FE       		.byte	-2
 595 0236 C4       		.byte	-60
 596 0237 F2       		.byte	-14
 597 0238 CA       		.byte	-54
 598 0239 F0       		.byte	-16
 599 023a CC       		.byte	-52
 600 023b F0       		.byte	-16
 601 023c CE       		.byte	-50
 602 023d 90       		.byte	-112
 603 023e D0       		.byte	-48
 604 023f F0       		.byte	-16
 605 0240 D2       		.byte	-46
 606 0241 10       		.byte	16
 607 0242 D6       		.byte	-42
 608 0243 80       		.byte	-128
 609 0244 D8       		.byte	-40
 610 0245 30       		.byte	48
 611 0246 E8       		.byte	-24
 612 0247 40       		.byte	64
 613 0248 EC       		.byte	-20
 614 0249 40       		.byte	64
 615 024a 04       		.byte	4
 616 024b 14       		.byte	20
 617 024c 06       		.byte	6
 618 024d 09       		.byte	9
 619 024e 08       		.byte	8
 620 024f 01       		.byte	1
 621 0250 0A       		.byte	10
 622 0251 06       		.byte	6
 623 0252 0C       		.byte	12
 624 0253 0A       		.byte	10
 625 0254 0E       		.byte	14
 626 0255 11       		.byte	17
 627 0256 24       		.byte	36
ARM GAS  C:\Users\edward\AppData\Local\Temp\ccCJWAti.s 			page 12


 628 0257 1F       		.byte	31
 629 0258 28       		.byte	40
 630 0259 1F       		.byte	31
 631 025a 32       		.byte	50
 632 025b 07       		.byte	7
 633 025c 34       		.byte	52
 634 025d 18       		.byte	24
 635 025e 58       		.byte	88
 636 025f 04       		.byte	4
 637 0260 5C       		.byte	92
 638 0261 01       		.byte	1
 639 0262 5F       		.byte	95
 640 0263 01       		.byte	1
 641 0264 80       		.byte	-128
 642 0265 10       		.byte	16
 643 0266 81       		.byte	-127
 644 0267 DC       		.byte	-36
 645 0268 83       		.byte	-125
 646 0269 21       		.byte	33
 647 026a 84       		.byte	-124
 648 026b 0C       		.byte	12
 649 026c 85       		.byte	-123
 650 026d 08       		.byte	8
 651 026e 88       		.byte	-120
 652 026f 04       		.byte	4
 653 0270 8B       		.byte	-117
 654 0271 04       		.byte	4
 655 0272 8C       		.byte	-116
 656 0273 08       		.byte	8
 657 0274 8D       		.byte	-115
 658 0275 FF       		.byte	-1
 659 0276 92       		.byte	-110
 660 0277 02       		.byte	2
 661 0278 93       		.byte	-109
 662 0279 E3       		.byte	-29
 663 027a 94       		.byte	-108
 664 027b 0D       		.byte	13
 665 027c 95       		.byte	-107
 666 027d E7       		.byte	-25
 667 027e 96       		.byte	-106
 668 027f 02       		.byte	2
 669 0280 97       		.byte	-105
 670 0281 18       		.byte	24
 671 0282 98       		.byte	-104
 672 0283 10       		.byte	16
 673 0284 99       		.byte	-103
 674 0285 18       		.byte	24
 675 0286 9C       		.byte	-100
 676 0287 0D       		.byte	13
 677 0288 9D       		.byte	-99
 678 0289 10       		.byte	16
 679 028a 9E       		.byte	-98
 680 028b 02       		.byte	2
 681 028c A0       		.byte	-96
 682 028d 0F       		.byte	15
 683 028e A1       		.byte	-95
 684 028f 44       		.byte	68
ARM GAS  C:\Users\edward\AppData\Local\Temp\ccCJWAti.s 			page 13


 685 0290 A4       		.byte	-92
 686 0291 03       		.byte	3
 687 0292 A5       		.byte	-91
 688 0293 80       		.byte	-128
 689 0294 A6       		.byte	-90
 690 0295 0C       		.byte	12
 691 0296 A8       		.byte	-88
 692 0297 10       		.byte	16
 693 0298 A9       		.byte	-87
 694 0299 C0       		.byte	-64
 695 029a AD       		.byte	-83
 696 029b 3C       		.byte	60
 697 029c AF       		.byte	-81
 698 029d C2       		.byte	-62
 699 029e B0       		.byte	-80
 700 029f 10       		.byte	16
 701 02a0 B1       		.byte	-79
 702 02a1 38       		.byte	56
 703 02a2 B2       		.byte	-78
 704 02a3 01       		.byte	1
 705 02a4 B3       		.byte	-77
 706 02a5 1F       		.byte	31
 707 02a6 B5       		.byte	-75
 708 02a7 D8       		.byte	-40
 709 02a8 B6       		.byte	-74
 710 02a9 0E       		.byte	14
 711 02aa BA       		.byte	-70
 712 02ab 80       		.byte	-128
 713 02ac BB       		.byte	-69
 714 02ad 28       		.byte	40
 715 02ae BE       		.byte	-66
 716 02af 04       		.byte	4
 717 02b0 D6       		.byte	-42
 718 02b1 02       		.byte	2
 719 02b2 D7       		.byte	-41
 720 02b3 11       		.byte	17
 721 02b4 D8       		.byte	-40
 722 02b5 04       		.byte	4
 723 02b6 D9       		.byte	-39
 724 02b7 04       		.byte	4
 725 02b8 DB       		.byte	-37
 726 02b9 04       		.byte	4
 727 02ba DC       		.byte	-36
 728 02bb 11       		.byte	17
 729 02bc DD       		.byte	-35
 730 02bd 10       		.byte	16
 731 02be DF       		.byte	-33
 732 02bf 01       		.byte	1
 733 02c0 01       		.byte	1
 734 02c1 80       		.byte	-128
 735 02c2 03       		.byte	3
 736 02c3 28       		.byte	40
 737 02c4 04       		.byte	4
 738 02c5 02       		.byte	2
 739 02c6 06       		.byte	6
 740 02c7 04       		.byte	4
 741 02c8 07       		.byte	7
ARM GAS  C:\Users\edward\AppData\Local\Temp\ccCJWAti.s 			page 14


 742 02c9 21       		.byte	33
 743 02ca 0C       		.byte	12
 744 02cb 20       		.byte	32
 745 02cc 0D       		.byte	13
 746 02cd 0A       		.byte	10
 747 02ce 0E       		.byte	14
 748 02cf 01       		.byte	1
 749 02d0 10       		.byte	16
 750 02d1 28       		.byte	40
 751 02d2 15       		.byte	21
 752 02d3 12       		.byte	18
 753 02d4 17       		.byte	23
 754 02d5 04       		.byte	4
 755 02d6 1B       		.byte	27
 756 02d7 28       		.byte	40
 757 02d8 1D       		.byte	29
 758 02d9 03       		.byte	3
 759 02da 1E       		.byte	30
 760 02db 21       		.byte	33
 761 02dc 25       		.byte	37
 762 02dd 09       		.byte	9
 763 02de 27       		.byte	39
 764 02df 14       		.byte	20
 765 02e0 2F       		.byte	47
 766 02e1 6A       		.byte	106
 767 02e2 35       		.byte	53
 768 02e3 41       		.byte	65
 769 02e4 37       		.byte	55
 770 02e5 24       		.byte	36
 771 02e6 3D       		.byte	61
 772 02e7 20       		.byte	32
 773 02e8 3E       		.byte	62
 774 02e9 09       		.byte	9
 775 02ea 3F       		.byte	63
 776 02eb 40       		.byte	64
 777 02ec 5E       		.byte	94
 778 02ed 20       		.byte	32
 779 02ee 6C       		.byte	108
 780 02ef 29       		.byte	41
 781 02f0 6D       		.byte	109
 782 02f1 10       		.byte	16
 783 02f2 75       		.byte	117
 784 02f3 40       		.byte	64
 785 02f4 76       		.byte	118
 786 02f5 0C       		.byte	12
 787 02f6 77       		.byte	119
 788 02f7 21       		.byte	33
 789 02f8 83       		.byte	-125
 790 02f9 12       		.byte	18
 791 02fa 89       		.byte	-119
 792 02fb 80       		.byte	-128
 793 02fc 8B       		.byte	-117
 794 02fd 40       		.byte	64
 795 02fe 91       		.byte	-111
 796 02ff 02       		.byte	2
 797 0300 93       		.byte	-109
 798 0301 40       		.byte	64
ARM GAS  C:\Users\edward\AppData\Local\Temp\ccCJWAti.s 			page 15


 799 0302 96       		.byte	-106
 800 0303 01       		.byte	1
 801 0304 9D       		.byte	-99
 802 0305 80       		.byte	-128
 803 0306 9F       		.byte	-97
 804 0307 14       		.byte	20
 805 0308 A1       		.byte	-95
 806 0309 10       		.byte	16
 807 030a A5       		.byte	-91
 808 030b 03       		.byte	3
 809 030c A7       		.byte	-89
 810 030d 28       		.byte	40
 811 030e B2       		.byte	-78
 812 030f 80       		.byte	-128
 813 0310 B3       		.byte	-77
 814 0311 20       		.byte	32
 815 0312 B5       		.byte	-75
 816 0313 01       		.byte	1
 817 0314 B6       		.byte	-74
 818 0315 08       		.byte	8
 819 0316 C0       		.byte	-64
 820 0317 F7       		.byte	-9
 821 0318 C2       		.byte	-62
 822 0319 F0       		.byte	-16
 823 031a C4       		.byte	-60
 824 031b 76       		.byte	118
 825 031c CA       		.byte	-54
 826 031d F0       		.byte	-16
 827 031e CC       		.byte	-52
 828 031f F0       		.byte	-16
 829 0320 CE       		.byte	-50
 830 0321 F0       		.byte	-16
 831 0322 D6       		.byte	-42
 832 0323 20       		.byte	32
 833 0324 39       		.byte	57
 834 0325 04       		.byte	4
 835 0326 3C       		.byte	60
 836 0327 40       		.byte	64
 837 0328 CE       		.byte	-50
 838 0329 60       		.byte	96
 839 032a A8       		.byte	-88
 840 032b 40       		.byte	64
 841 032c AD       		.byte	-83
 842 032d 04       		.byte	4
 843 032e EE       		.byte	-18
 844 032f 60       		.byte	96
 845 0330 85       		.byte	-123
 846 0331 40       		.byte	64
 847 0332 E0       		.byte	-32
 848 0333 40       		.byte	64
 849 0334 7C       		.byte	124
 850 0335 20       		.byte	32
 851 0336 DE       		.byte	-34
 852 0337 01       		.byte	1
 853 0338 00       		.byte	0
 854 0339 20       		.byte	32
 855 033a 9C       		.byte	-100
ARM GAS  C:\Users\edward\AppData\Local\Temp\ccCJWAti.s 			page 16


 856 033b 20       		.byte	32
 857 033c C0       		.byte	-64
 858 033d 02       		.byte	2
 859 033e 45       		.byte	69
 860 033f 02       		.byte	2
 861 0340 9C       		.byte	-100
 862 0341 20       		.byte	32
 863 0342 B0       		.byte	-80
 864 0343 10       		.byte	16
 865 0344 D0       		.byte	-48
 866 0345 01       		.byte	1
 867 0346 EE       		.byte	-18
 868 0347 01       		.byte	1
 869 0348 33       		.byte	51
 870 0349 20       		.byte	32
 871 034a 57       		.byte	87
 872 034b 60       		.byte	96
 873 034c 85       		.byte	-123
 874 034d 02       		.byte	2
 875 034e 9C       		.byte	-100
 876 034f 20       		.byte	32
 877 0350 A5       		.byte	-91
 878 0351 02       		.byte	2
 879 0352 CC       		.byte	-52
 880 0353 08       		.byte	8
 881 0354 25       		.byte	37
 882 0355 40       		.byte	64
 883 0356 27       		.byte	39
 884 0357 10       		.byte	16
 885 0358 9F       		.byte	-97
 886 0359 10       		.byte	16
 887 035a A5       		.byte	-91
 888 035b 40       		.byte	64
 889 035c B7       		.byte	-73
 890 035d 10       		.byte	16
 891 035e C8       		.byte	-56
 892 035f A0       		.byte	-96
 893 0360 A0       		.byte	-96
 894 0361 01       		.byte	1
 895 0362 B0       		.byte	-80
 896 0363 01       		.byte	1
 897 0364 B4       		.byte	-76
 898 0365 20       		.byte	32
 899 0366 B7       		.byte	-73
 900 0367 40       		.byte	64
 901 0368 E8       		.byte	-24
 902 0369 03       		.byte	3
 903 036a EC       		.byte	-20
 904 036b 02       		.byte	2
 905 036c 11       		.byte	17
 906 036d 01       		.byte	1
 907 036e 74       		.byte	116
 908 036f 01       		.byte	1
 909 0370 89       		.byte	-119
 910 0371 01       		.byte	1
 911 0372 A0       		.byte	-96
 912 0373 01       		.byte	1
ARM GAS  C:\Users\edward\AppData\Local\Temp\ccCJWAti.s 			page 17


 913 0374 C4       		.byte	-60
 914 0375 08       		.byte	8
 915 0376 DE       		.byte	-34
 916 0377 04       		.byte	4
 917 0378 E6       		.byte	-26
 918 0379 01       		.byte	1
 919 037a 00       		.byte	0
 920 037b 06       		.byte	6
 921 037c 01       		.byte	1
 922 037d 01       		.byte	1
 923 037e 0C       		.byte	12
 924 037f 06       		.byte	6
 925 0380 0D       		.byte	13
 926 0381 01       		.byte	1
 927 0382 10       		.byte	16
 928 0383 02       		.byte	2
 929 0384 11       		.byte	17
 930 0385 01       		.byte	1
 931 0386 1C       		.byte	28
 932 0387 02       		.byte	2
 933 0388 1D       		.byte	29
 934 0389 01       		.byte	1
 935 038a 10       		.byte	16
 936 038b 0A       		.byte	10
 937 038c 80       		.byte	-128
 938 038d 80       		.byte	-128
 939 038e 00       		.byte	0
 940 038f 00       		.byte	0
 941 0390 40       		.byte	64
 942 0391 00       		.byte	0
 943 0392 00       		.byte	0
 944 0393 00       		.byte	0
 945 0394 09       		.byte	9
 946 0395 00       		.byte	0
 947 0396 70       		.byte	112
 948 0397 01       		.byte	1
 949 0398 00       		.byte	0
 950 0399 00       		.byte	0
 951 039a 04       		.byte	4
 952 039b 00       		.byte	0
 953 039c 60       		.byte	96
 954 039d 00       		.byte	0
 955 039e 19       		.byte	25
 956 039f 00       		.byte	0
 957 03a0 00       		.byte	0
 958 03a1 00       		.byte	0
 959 03a2 60       		.byte	96
 960 03a3 01       		.byte	1
 961 03a4 00       		.byte	0
 962 03a5 30       		.byte	48
 963 03a6 80       		.byte	-128
 964 03a7 00       		.byte	0
 965 03a8 02       		.byte	2
 966 03a9 30       		.byte	48
 967 03aa 18       		.byte	24
 968 03ab 00       		.byte	0
 969 03ac 00       		.byte	0
ARM GAS  C:\Users\edward\AppData\Local\Temp\ccCJWAti.s 			page 18


 970 03ad 00       		.byte	0
 971 03ae 80       		.byte	-128
 972 03af 30       		.byte	48
 973 03b0 00       		.byte	0
 974 03b1 00       		.byte	0
 975 03b2 04       		.byte	4
 976 03b3 30       		.byte	48
 977 03b4 04       		.byte	4
 978 03b5 00       		.byte	0
 979 03b6 00       		.byte	0
 980 03b7 30       		.byte	48
 981 03b8 04       		.byte	4
 982 03b9 20       		.byte	32
 983 03ba 00       		.byte	0
 984 03bb 08       		.byte	8
 985 03bc 00       		.byte	0
 986 03bd 30       		.byte	48
 987 03be 40       		.byte	64
 988 03bf 04       		.byte	4
 989 03c0 09       		.byte	9
 990 03c1 10       		.byte	16
 991 03c2 30       		.byte	48
 992 03c3 0A       		.byte	10
 993 03c4 04       		.byte	4
 994 03c5 0C       		.byte	12
 995 03c6 80       		.byte	-128
 996 03c7 01       		.byte	1
 997 03c8 78       		.byte	120
 998 03c9 02       		.byte	2
 999 03ca 03       		.byte	3
 1000 03cb 30       		.byte	48
 1001 03cc 82       		.byte	-126
 1002 03cd 00       		.byte	0
 1003 03ce 20       		.byte	32
 1004 03cf 00       		.byte	0
 1005 03d0 00       		.byte	0
 1006 03d1 00       		.byte	0
 1007 03d2 04       		.byte	4
 1008 03d3 05       		.byte	5
 1009 03d4 34       		.byte	52
 1010 03d5 05       		.byte	5
 1011 03d6 02       		.byte	2
 1012 03d7 00       		.byte	0
 1013 03d8 01       		.byte	1
 1014 03d9 00       		.byte	0
 1015 03da 0C       		.byte	12
 1016 03db 0E       		.byte	14
 1017 03dc 14       		.byte	20
 1018 03dd FF       		.byte	-1
 1019 03de FF       		.byte	-1
 1020 03df FF       		.byte	-1
 1021 03e0 62       		.byte	98
 1022 03e1 A0       		.byte	-96
 1023 03e2 F0       		.byte	-16
 1024 03e3 41       		.byte	65
 1025 03e4 0C       		.byte	12
 1026 03e5 00       		.byte	0
ARM GAS  C:\Users\edward\AppData\Local\Temp\ccCJWAti.s 			page 19


 1027 03e6 00       		.byte	0
 1028 03e7 00       		.byte	0
 1029 03e8 18       		.byte	24
 1030 03e9 00       		.byte	0
 1031 03ea 00       		.byte	0
 1032 03eb 00       		.byte	0
 1033 03ec 04       		.byte	4
 1034 03ed 04       		.byte	4
 1035 03ee 04       		.byte	4
 1036 03ef 04       		.byte	4
 1037 03f0 11       		.byte	17
 1038 03f1 11       		.byte	17
 1039 03f2 00       		.byte	0
 1040 03f3 01       		.byte	1
 1041 03f4 00       		.byte	0
 1042 03f5 00       		.byte	0
 1043 03f6 00       		.byte	0
 1044 03f7 00       		.byte	0
 1045 03f8 00       		.byte	0
 1046 03f9 00       		.byte	0
 1047 03fa 40       		.byte	64
 1048 03fb 02       		.byte	2
 1049 03fc 00       		.byte	0
 1050 03fd 10       		.byte	16
 1051 03fe 30       		.byte	48
 1052 03ff 10       		.byte	16
 1053 0400 00       		.byte	0
 1054 0401 10       		.byte	16
 1055 0402 10       		.byte	16
 1056 0403 12       		.byte	18
 1057 0404 00       		.byte	0
 1058 0405 00       		.byte	0
 1059 0406 00       		.byte	0
 1060 0407 00       		.byte	0
 1061 0408 00       		.byte	0
 1062 0409 00       		.byte	0
 1063 040a 00       		.byte	0
 1064 040b 00       		.byte	0
 1065 040c 00       		.byte	0
 1066 040d 00       		.byte	0
 1067 040e 00       		.byte	0
 1068 040f 00       		.byte	0
 1069 0410 00       		.byte	0
 1070 0411 00       		.byte	0
 1071 0412 00       		.byte	0
 1072 0413 00       		.byte	0
 1073 0414 80       		.byte	-128
 1074 0415 00       		.byte	0
 1075 0416 40       		.byte	64
 1076 0417 80       		.byte	-128
 1077 0418 80       		.byte	-128
 1078 0419 00       		.byte	0
 1079 041a 80       		.byte	-128
 1080 041b 00       		.byte	0
 1081 041c 00       		.byte	0
 1082 041d 00       		.byte	0
 1083 041e 00       		.byte	0
ARM GAS  C:\Users\edward\AppData\Local\Temp\ccCJWAti.s 			page 20


 1084 041f 00       		.byte	0
 1085 0420 00       		.byte	0
 1086 0421 0B       		.byte	11
 1087 0422 0B       		.byte	11
 1088 0423 00       		.byte	0
 1089 0424 00       		.byte	0
 1090 0425 00       		.byte	0
 1091 0426 00       		.byte	0
 1092 0427 00       		.byte	0
 1093 0428 04       		.byte	4
 1094 0429 00       		.byte	0
 1095 042a 00       		.byte	0
 1096 042b 00       		.byte	0
 1097 042c 00       		.byte	0
 1098 042d 00       		.byte	0
 1099 042e 00       		.byte	0
 1100 042f 00       		.byte	0
 1101 0430 00       		.byte	0
 1102 0431 00       		.byte	0
 1103 0432 00       		.byte	0
 1104 0433 00       		.byte	0
 1105 0434 00       		.byte	0
 1106 0435 00       		.byte	0
 1107 0436 03       		.byte	3
 1108 0437 00       		.byte	0
 1109 0438 BB       		.byte	-69
 1110 0439 00       		.byte	0
 1111 043a 18       		.byte	24
 1112 043b 01       		.byte	1
 1113              		.section	.cywolatch,"a",%progbits
 1114              		.align	2
 1115              		.type	cy_meta_wonvl, %object
 1116              		.size	cy_meta_wonvl, 4
 1117              	cy_meta_wonvl:
 1118 0000 BC       		.byte	-68
 1119 0001 90       		.byte	-112
 1120 0002 AC       		.byte	-84
 1121 0003 AF       		.byte	-81
 1122              		.section	.cycustnvl,"a",%progbits
 1123              		.align	2
 1124              		.type	cy_meta_custnvl, %object
 1125              		.size	cy_meta_custnvl, 4
 1126              	cy_meta_custnvl:
 1127 0000 00       		.byte	0
 1128 0001 00       		.byte	0
 1129 0002 40       		.byte	64
 1130 0003 05       		.byte	5
 1131              		.section	.cymeta,"a",%progbits
 1132              		.align	2
 1133              		.type	cy_metadata, %object
 1134              		.size	cy_metadata, 12
 1135              	cy_metadata:
 1136 0000 00       		.byte	0
 1137 0001 01       		.byte	1
 1138 0002 2E       		.byte	46
 1139 0003 16       		.byte	22
 1140 0004 10       		.byte	16
ARM GAS  C:\Users\edward\AppData\Local\Temp\ccCJWAti.s 			page 21


 1141 0005 69       		.byte	105
 1142 0006 00       		.byte	0
 1143 0007 01       		.byte	1
 1144 0008 00       		.byte	0
 1145 0009 00       		.byte	0
 1146 000a 00       		.byte	0
 1147 000b 00       		.byte	0
 1148              		.section	.cyflashprotect,"a",%progbits
 1149              		.align	2
 1150              		.type	cy_meta_flashprotect, %object
 1151              		.size	cy_meta_flashprotect, 256
 1152              	cy_meta_flashprotect:
 1153 0000 00000000 		.space	256
 1153      00000000 
 1153      00000000 
 1153      00000000 
 1153      00000000 
 1154              		.text
 1155              	.Letext0:
 1156              		.file 1 "c:\\program files (x86)\\cypress\\psoc creator\\4.1\\psoc creator\\import\\gnu\\arm\\5.4.
 1157              		.file 2 "c:\\program files (x86)\\cypress\\psoc creator\\4.1\\psoc creator\\import\\gnu\\arm\\5.4.
 1158              		.file 3 "Generated_Source\\PSoC5\\cymetadata.c"
 1159              		.section	.debug_info,"",%progbits
 1160              	.Ldebug_info0:
 1161 0000 31010000 		.4byte	0x131
 1162 0004 0400     		.2byte	0x4
 1163 0006 00000000 		.4byte	.Ldebug_abbrev0
 1164 000a 04       		.byte	0x4
 1165 000b 01       		.uleb128 0x1
 1166 000c 24000000 		.4byte	.LASF17
 1167 0010 0C       		.byte	0xc
 1168 0011 C1010000 		.4byte	.LASF18
 1169 0015 3A010000 		.4byte	.LASF19
 1170 0019 00000000 		.4byte	.Ldebug_line0
 1171 001d 02       		.uleb128 0x2
 1172 001e 01       		.byte	0x1
 1173 001f 06       		.byte	0x6
 1174 0020 B5010000 		.4byte	.LASF0
 1175 0024 03       		.uleb128 0x3
 1176 0025 00000000 		.4byte	.LASF9
 1177 0029 01       		.byte	0x1
 1178 002a 1D       		.byte	0x1d
 1179 002b 2F000000 		.4byte	0x2f
 1180 002f 02       		.uleb128 0x2
 1181 0030 01       		.byte	0x1
 1182 0031 08       		.byte	0x8
 1183 0032 16000000 		.4byte	.LASF1
 1184 0036 02       		.uleb128 0x2
 1185 0037 02       		.byte	0x2
 1186 0038 05       		.byte	0x5
 1187 0039 A2010000 		.4byte	.LASF2
 1188 003d 02       		.uleb128 0x2
 1189 003e 02       		.byte	0x2
 1190 003f 07       		.byte	0x7
 1191 0040 C4000000 		.4byte	.LASF3
 1192 0044 02       		.uleb128 0x2
 1193 0045 04       		.byte	0x4
ARM GAS  C:\Users\edward\AppData\Local\Temp\ccCJWAti.s 			page 22


 1194 0046 05       		.byte	0x5
 1195 0047 AC010000 		.4byte	.LASF4
 1196 004b 02       		.uleb128 0x2
 1197 004c 04       		.byte	0x4
 1198 004d 07       		.byte	0x7
 1199 004e B2000000 		.4byte	.LASF5
 1200 0052 02       		.uleb128 0x2
 1201 0053 08       		.byte	0x8
 1202 0054 05       		.byte	0x5
 1203 0055 86010000 		.4byte	.LASF6
 1204 0059 02       		.uleb128 0x2
 1205 005a 08       		.byte	0x8
 1206 005b 07       		.byte	0x7
 1207 005c 06010000 		.4byte	.LASF7
 1208 0060 04       		.uleb128 0x4
 1209 0061 04       		.byte	0x4
 1210 0062 05       		.byte	0x5
 1211 0063 696E7400 		.ascii	"int\000"
 1212 0067 02       		.uleb128 0x2
 1213 0068 04       		.byte	0x4
 1214 0069 07       		.byte	0x7
 1215 006a F9000000 		.4byte	.LASF8
 1216 006e 03       		.uleb128 0x3
 1217 006f 1D010000 		.4byte	.LASF10
 1218 0073 02       		.byte	0x2
 1219 0074 18       		.byte	0x18
 1220 0075 24000000 		.4byte	0x24
 1221 0079 05       		.uleb128 0x5
 1222 007a 91000000 		.4byte	0x91
 1223 007e 8A000000 		.4byte	0x8a
 1224 0082 06       		.uleb128 0x6
 1225 0083 8A000000 		.4byte	0x8a
 1226 0087 3B04     		.2byte	0x43b
 1227 0089 00       		.byte	0
 1228 008a 02       		.uleb128 0x2
 1229 008b 04       		.byte	0x4
 1230 008c 07       		.byte	0x7
 1231 008d 7D010000 		.4byte	.LASF11
 1232 0091 07       		.uleb128 0x7
 1233 0092 6E000000 		.4byte	0x6e
 1234 0096 08       		.uleb128 0x8
 1235 0097 E7000000 		.4byte	.LASF12
 1236 009b 03       		.byte	0x3
 1237 009c 1F       		.byte	0x1f
 1238 009d A7000000 		.4byte	0xa7
 1239 00a1 05       		.uleb128 0x5
 1240 00a2 03       		.byte	0x3
 1241 00a3 00000000 		.4byte	cy_meta_configecc
 1242 00a7 07       		.uleb128 0x7
 1243 00a8 79000000 		.4byte	0x79
 1244 00ac 05       		.uleb128 0x5
 1245 00ad 91000000 		.4byte	0x91
 1246 00b1 BC000000 		.4byte	0xbc
 1247 00b5 09       		.uleb128 0x9
 1248 00b6 8A000000 		.4byte	0x8a
 1249 00ba 03       		.byte	0x3
 1250 00bb 00       		.byte	0
ARM GAS  C:\Users\edward\AppData\Local\Temp\ccCJWAti.s 			page 23


 1251 00bc 08       		.uleb128 0x8
 1252 00bd D7000000 		.4byte	.LASF13
 1253 00c1 03       		.byte	0x3
 1254 00c2 B4       		.byte	0xb4
 1255 00c3 CD000000 		.4byte	0xcd
 1256 00c7 05       		.uleb128 0x5
 1257 00c8 03       		.byte	0x3
 1258 00c9 00000000 		.4byte	cy_meta_custnvl
 1259 00cd 07       		.uleb128 0x7
 1260 00ce AC000000 		.4byte	0xac
 1261 00d2 08       		.uleb128 0x8
 1262 00d3 94010000 		.4byte	.LASF14
 1263 00d7 03       		.byte	0x3
 1264 00d8 C2       		.byte	0xc2
 1265 00d9 E3000000 		.4byte	0xe3
 1266 00dd 05       		.uleb128 0x5
 1267 00de 03       		.byte	0x3
 1268 00df 00000000 		.4byte	cy_meta_wonvl
 1269 00e3 07       		.uleb128 0x7
 1270 00e4 AC000000 		.4byte	0xac
 1271 00e8 05       		.uleb128 0x5
 1272 00e9 91000000 		.4byte	0x91
 1273 00ed F8000000 		.4byte	0xf8
 1274 00f1 09       		.uleb128 0x9
 1275 00f2 8A000000 		.4byte	0x8a
 1276 00f6 FF       		.byte	0xff
 1277 00f7 00       		.byte	0
 1278 00f8 08       		.uleb128 0x8
 1279 00f9 25010000 		.4byte	.LASF15
 1280 00fd 03       		.byte	0x3
 1281 00fe D0       		.byte	0xd0
 1282 00ff 09010000 		.4byte	0x109
 1283 0103 05       		.uleb128 0x5
 1284 0104 03       		.byte	0x3
 1285 0105 00000000 		.4byte	cy_meta_flashprotect
 1286 0109 07       		.uleb128 0x7
 1287 010a E8000000 		.4byte	0xe8
 1288 010e 05       		.uleb128 0x5
 1289 010f 91000000 		.4byte	0x91
 1290 0113 1E010000 		.4byte	0x11e
 1291 0117 09       		.uleb128 0x9
 1292 0118 8A000000 		.4byte	0x8a
 1293 011c 0B       		.byte	0xb
 1294 011d 00       		.byte	0
 1295 011e 08       		.uleb128 0x8
 1296 011f 0A000000 		.4byte	.LASF16
 1297 0123 03       		.byte	0x3
 1298 0124 FD       		.byte	0xfd
 1299 0125 2F010000 		.4byte	0x12f
 1300 0129 05       		.uleb128 0x5
 1301 012a 03       		.byte	0x3
 1302 012b 00000000 		.4byte	cy_metadata
 1303 012f 07       		.uleb128 0x7
 1304 0130 0E010000 		.4byte	0x10e
 1305 0134 00       		.byte	0
 1306              		.section	.debug_abbrev,"",%progbits
 1307              	.Ldebug_abbrev0:
ARM GAS  C:\Users\edward\AppData\Local\Temp\ccCJWAti.s 			page 24


 1308 0000 01       		.uleb128 0x1
 1309 0001 11       		.uleb128 0x11
 1310 0002 01       		.byte	0x1
 1311 0003 25       		.uleb128 0x25
 1312 0004 0E       		.uleb128 0xe
 1313 0005 13       		.uleb128 0x13
 1314 0006 0B       		.uleb128 0xb
 1315 0007 03       		.uleb128 0x3
 1316 0008 0E       		.uleb128 0xe
 1317 0009 1B       		.uleb128 0x1b
 1318 000a 0E       		.uleb128 0xe
 1319 000b 10       		.uleb128 0x10
 1320 000c 17       		.uleb128 0x17
 1321 000d 00       		.byte	0
 1322 000e 00       		.byte	0
 1323 000f 02       		.uleb128 0x2
 1324 0010 24       		.uleb128 0x24
 1325 0011 00       		.byte	0
 1326 0012 0B       		.uleb128 0xb
 1327 0013 0B       		.uleb128 0xb
 1328 0014 3E       		.uleb128 0x3e
 1329 0015 0B       		.uleb128 0xb
 1330 0016 03       		.uleb128 0x3
 1331 0017 0E       		.uleb128 0xe
 1332 0018 00       		.byte	0
 1333 0019 00       		.byte	0
 1334 001a 03       		.uleb128 0x3
 1335 001b 16       		.uleb128 0x16
 1336 001c 00       		.byte	0
 1337 001d 03       		.uleb128 0x3
 1338 001e 0E       		.uleb128 0xe
 1339 001f 3A       		.uleb128 0x3a
 1340 0020 0B       		.uleb128 0xb
 1341 0021 3B       		.uleb128 0x3b
 1342 0022 0B       		.uleb128 0xb
 1343 0023 49       		.uleb128 0x49
 1344 0024 13       		.uleb128 0x13
 1345 0025 00       		.byte	0
 1346 0026 00       		.byte	0
 1347 0027 04       		.uleb128 0x4
 1348 0028 24       		.uleb128 0x24
 1349 0029 00       		.byte	0
 1350 002a 0B       		.uleb128 0xb
 1351 002b 0B       		.uleb128 0xb
 1352 002c 3E       		.uleb128 0x3e
 1353 002d 0B       		.uleb128 0xb
 1354 002e 03       		.uleb128 0x3
 1355 002f 08       		.uleb128 0x8
 1356 0030 00       		.byte	0
 1357 0031 00       		.byte	0
 1358 0032 05       		.uleb128 0x5
 1359 0033 01       		.uleb128 0x1
 1360 0034 01       		.byte	0x1
 1361 0035 49       		.uleb128 0x49
 1362 0036 13       		.uleb128 0x13
 1363 0037 01       		.uleb128 0x1
 1364 0038 13       		.uleb128 0x13
ARM GAS  C:\Users\edward\AppData\Local\Temp\ccCJWAti.s 			page 25


 1365 0039 00       		.byte	0
 1366 003a 00       		.byte	0
 1367 003b 06       		.uleb128 0x6
 1368 003c 21       		.uleb128 0x21
 1369 003d 00       		.byte	0
 1370 003e 49       		.uleb128 0x49
 1371 003f 13       		.uleb128 0x13
 1372 0040 2F       		.uleb128 0x2f
 1373 0041 05       		.uleb128 0x5
 1374 0042 00       		.byte	0
 1375 0043 00       		.byte	0
 1376 0044 07       		.uleb128 0x7
 1377 0045 26       		.uleb128 0x26
 1378 0046 00       		.byte	0
 1379 0047 49       		.uleb128 0x49
 1380 0048 13       		.uleb128 0x13
 1381 0049 00       		.byte	0
 1382 004a 00       		.byte	0
 1383 004b 08       		.uleb128 0x8
 1384 004c 34       		.uleb128 0x34
 1385 004d 00       		.byte	0
 1386 004e 03       		.uleb128 0x3
 1387 004f 0E       		.uleb128 0xe
 1388 0050 3A       		.uleb128 0x3a
 1389 0051 0B       		.uleb128 0xb
 1390 0052 3B       		.uleb128 0x3b
 1391 0053 0B       		.uleb128 0xb
 1392 0054 49       		.uleb128 0x49
 1393 0055 13       		.uleb128 0x13
 1394 0056 3F       		.uleb128 0x3f
 1395 0057 19       		.uleb128 0x19
 1396 0058 02       		.uleb128 0x2
 1397 0059 18       		.uleb128 0x18
 1398 005a 00       		.byte	0
 1399 005b 00       		.byte	0
 1400 005c 09       		.uleb128 0x9
 1401 005d 21       		.uleb128 0x21
 1402 005e 00       		.byte	0
 1403 005f 49       		.uleb128 0x49
 1404 0060 13       		.uleb128 0x13
 1405 0061 2F       		.uleb128 0x2f
 1406 0062 0B       		.uleb128 0xb
 1407 0063 00       		.byte	0
 1408 0064 00       		.byte	0
 1409 0065 00       		.byte	0
 1410              		.section	.debug_aranges,"",%progbits
 1411 0000 14000000 		.4byte	0x14
 1412 0004 0200     		.2byte	0x2
 1413 0006 00000000 		.4byte	.Ldebug_info0
 1414 000a 04       		.byte	0x4
 1415 000b 00       		.byte	0
 1416 000c 0000     		.2byte	0
 1417 000e 0000     		.2byte	0
 1418 0010 00000000 		.4byte	0
 1419 0014 00000000 		.4byte	0
 1420              		.section	.debug_line,"",%progbits
 1421              	.Ldebug_line0:
ARM GAS  C:\Users\edward\AppData\Local\Temp\ccCJWAti.s 			page 26


 1422 0000 3D010000 		.section	.debug_str,"MS",%progbits,1
 1422      02003701 
 1422      00000201 
 1422      FB0E0D00 
 1422      01010101 
 1423              	.LASF9:
 1424 0000 5F5F7569 		.ascii	"__uint8_t\000"
 1424      6E74385F 
 1424      7400
 1425              	.LASF16:
 1426 000a 63795F6D 		.ascii	"cy_metadata\000"
 1426      65746164 
 1426      61746100 
 1427              	.LASF1:
 1428 0016 756E7369 		.ascii	"unsigned char\000"
 1428      676E6564 
 1428      20636861 
 1428      7200
 1429              	.LASF17:
 1430 0024 474E5520 		.ascii	"GNU C11 5.4.1 20160609 (release) [ARM/embedded-5-br"
 1430      43313120 
 1430      352E342E 
 1430      31203230 
 1430      31363036 
 1431 0057 616E6368 		.ascii	"anch revision 237715] -mcpu=cortex-m3 -mthumb -g -O"
 1431      20726576 
 1431      6973696F 
 1431      6E203233 
 1431      37373135 
 1432 008a 67202D66 		.ascii	"g -ffunction-sections -ffat-lto-objects\000"
 1432      66756E63 
 1432      74696F6E 
 1432      2D736563 
 1432      74696F6E 
 1433              	.LASF5:
 1434 00b2 6C6F6E67 		.ascii	"long unsigned int\000"
 1434      20756E73 
 1434      69676E65 
 1434      6420696E 
 1434      7400
 1435              	.LASF3:
 1436 00c4 73686F72 		.ascii	"short unsigned int\000"
 1436      7420756E 
 1436      7369676E 
 1436      65642069 
 1436      6E7400
 1437              	.LASF13:
 1438 00d7 63795F6D 		.ascii	"cy_meta_custnvl\000"
 1438      6574615F 
 1438      63757374 
 1438      6E766C00 
 1439              	.LASF12:
 1440 00e7 63795F6D 		.ascii	"cy_meta_configecc\000"
 1440      6574615F 
 1440      636F6E66 
 1440      69676563 
 1440      6300
ARM GAS  C:\Users\edward\AppData\Local\Temp\ccCJWAti.s 			page 27


 1441              	.LASF8:
 1442 00f9 756E7369 		.ascii	"unsigned int\000"
 1442      676E6564 
 1442      20696E74 
 1442      00
 1443              	.LASF7:
 1444 0106 6C6F6E67 		.ascii	"long long unsigned int\000"
 1444      206C6F6E 
 1444      6720756E 
 1444      7369676E 
 1444      65642069 
 1445              	.LASF10:
 1446 011d 75696E74 		.ascii	"uint8_t\000"
 1446      385F7400 
 1447              	.LASF15:
 1448 0125 63795F6D 		.ascii	"cy_meta_flashprotect\000"
 1448      6574615F 
 1448      666C6173 
 1448      6870726F 
 1448      74656374 
 1449              	.LASF19:
 1450 013a 433A5C55 		.ascii	"C:\\Users\\edward\\Documents\\PSoC Creator\\AudioEx"
 1450      73657273 
 1450      5C656477 
 1450      6172645C 
 1450      446F6375 
 1451 0168 616D706C 		.ascii	"ample\\Design01.cydsn\000"
 1451      655C4465 
 1451      7369676E 
 1451      30312E63 
 1451      7964736E 
 1452              	.LASF11:
 1453 017d 73697A65 		.ascii	"sizetype\000"
 1453      74797065 
 1453      00
 1454              	.LASF6:
 1455 0186 6C6F6E67 		.ascii	"long long int\000"
 1455      206C6F6E 
 1455      6720696E 
 1455      7400
 1456              	.LASF14:
 1457 0194 63795F6D 		.ascii	"cy_meta_wonvl\000"
 1457      6574615F 
 1457      776F6E76 
 1457      6C00
 1458              	.LASF2:
 1459 01a2 73686F72 		.ascii	"short int\000"
 1459      7420696E 
 1459      7400
 1460              	.LASF4:
 1461 01ac 6C6F6E67 		.ascii	"long int\000"
 1461      20696E74 
 1461      00
 1462              	.LASF0:
 1463 01b5 7369676E 		.ascii	"signed char\000"
 1463      65642063 
 1463      68617200 
ARM GAS  C:\Users\edward\AppData\Local\Temp\ccCJWAti.s 			page 28


 1464              	.LASF18:
 1465 01c1 47656E65 		.ascii	"Generated_Source\\PSoC5\\cymetadata.c\000"
 1465      72617465 
 1465      645F536F 
 1465      75726365 
 1465      5C50536F 
 1466              		.ident	"GCC: (GNU Tools for ARM Embedded Processors) 5.4.1 20160609 (release) [ARM/embedded-5-bran
